{"C:\\Users\\shagu\\OneDrive\\Desktop\\PromptWars2\\src\\App.tsx": {"path":"C:\\Users\\shagu\\OneDrive\\Desktop\\PromptWars2\\src\\App.tsx","statementMap":{"0":{"start":{"line":17,"column":6},"end":{"line":19,"column":null}},"1":{"start":{"line":18,"column":2},"end":{"line":19,"column":null}},"2":{"start":{"line":18,"column":60},"end":{"line":19,"column":null}},"3":{"start":{"line":26,"column":10},"end":{"line":26,"column":32}},"4":{"start":{"line":27,"column":19},"end":{"line":27,"column":49}},"5":{"start":{"line":28,"column":29},"end":{"line":28,"column":93}},"6":{"start":{"line":29,"column":9},"end":{"line":38,"column":null}},"7":{"start":{"line":30,"column":17},"end":{"line":36,"column":null}},"8":{"start":{"line":37,"column":4},"end":{"line":37,"column":null}},"9":{"start":{"line":37,"column":28},"end":{"line":37,"column":31}},"10":{"start":{"line":41,"column":8},"end":{"line":46,"column":16}},"11":{"start":{"line":42,"column":4},"end":{"line":42,"column":null}},"12":{"start":{"line":42,"column":26},"end":{"line":42,"column":32}},"13":{"start":{"line":43,"column":4},"end":{"line":44,"column":null}},"14":{"start":{"line":44,"column":6},"end":{"line":44,"column":null}},"15":{"start":{"line":49,"column":8},"end":{"line":52,"column":8}},"16":{"start":{"line":50,"column":4},"end":{"line":50,"column":null}},"17":{"start":{"line":51,"column":4},"end":{"line":51,"column":null}},"18":{"start":{"line":54,"column":2},"end":{"line":134,"column":null}}},"fnMap":{"0":{"name":"(anonymous_0)","decl":{"start":{"line":17,"column":21},"end":{"line":17,"column":null}},"loc":{"start":{"line":18,"column":2},"end":{"line":19,"column":null}},"line":18},"1":{"name":"(anonymous_1)","decl":{"start":{"line":18,"column":49},"end":{"line":18,"column":58}},"loc":{"start":{"line":18,"column":60},"end":{"line":19,"column":null}},"line":18},"2":{"name":"App","decl":{"start":{"line":25,"column":9},"end":{"line":25,"column":28}},"loc":{"start":{"line":25,"column":28},"end":{"line":134,"column":null}},"line":25},"3":{"name":"(anonymous_3)","decl":{"start":{"line":29,"column":27},"end":{"line":29,"column":42}},"loc":{"start":{"line":29,"column":42},"end":{"line":38,"column":null}},"line":29},"4":{"name":"(anonymous_4)","decl":{"start":{"line":37,"column":16},"end":{"line":37,"column":22}},"loc":{"start":{"line":37,"column":28},"end":{"line":37,"column":31}},"line":37},"5":{"name":"(anonymous_5)","decl":{"start":{"line":41,"column":27},"end":{"line":41,"column":45}},"loc":{"start":{"line":41,"column":45},"end":{"line":46,"column":6}},"line":41},"6":{"name":"(anonymous_6)","decl":{"start":{"line":42,"column":4},"end":{"line":42,"column":17}},"loc":{"start":{"line":42,"column":26},"end":{"line":42,"column":32}},"line":42},"7":{"name":"(anonymous_7)","decl":{"start":{"line":49,"column":22},"end":{"line":49,"column":35}},"loc":{"start":{"line":49,"column":56},"end":{"line":52,"column":7}},"line":49}},"branchMap":{"0":{"loc":{"start":{"line":43,"column":4},"end":{"line":44,"column":null}},"type":"if","locations":[{"start":{"line":43,"column":4},"end":{"line":44,"column":null}},{"start":{},"end":{}}],"line":43},"1":{"loc":{"start":{"line":67,"column":7},"end":{"line":70,"column":null}},"type":"binary-expr","locations":[{"start":{"line":67,"column":7},"end":{"line":67,"column":null}},{"start":{"line":68,"column":8},"end":{"line":70,"column":null}}],"line":67}},"s":{"0":1,"1":1,"2":1,"3":6,"4":6,"5":6,"6":6,"7":5,"8":5,"9":25,"10":6,"11":1,"12":1,"13":1,"14":0,"15":6,"16":0,"17":0,"18":6},"f":{"0":1,"1":1,"2":6,"3":5,"4":25,"5":1,"6":1,"7":0},"b":{"0":[0,1],"1":[6,0]},"meta":{"lastBranch":2,"lastFunction":8,"lastStatement":19,"seen":{"s:17:6:19:Infinity":0,"f:17:21:17:Infinity":0,"s:18:2:19:Infinity":1,"f:18:49:18:58":1,"s:18:60:19:Infinity":2,"f:25:9:25:28":2,"s:26:10:26:32":3,"s:27:19:27:49":4,"s:28:29:28:93":5,"s:29:9:38:Infinity":6,"f:29:27:29:42":3,"s:30:17:36:Infinity":7,"s:37:4:37:Infinity":8,"f:37:16:37:22":4,"s:37:28:37:31":9,"s:41:8:46:16":10,"f:41:27:41:45":5,"s:42:4:42:Infinity":11,"f:42:4:42:17":6,"s:42:26:42:32":12,"b:43:4:44:Infinity:undefined:undefined:undefined:undefined":0,"s:43:4:44:Infinity":13,"s:44:6:44:Infinity":14,"s:49:8:52:8":15,"f:49:22:49:35":7,"s:50:4:50:Infinity":16,"s:51:4:51:Infinity":17,"s:54:2:134:Infinity":18,"b:67:7:67:Infinity:68:8:70:Infinity":1}}}
,"C:\\Users\\shagu\\OneDrive\\Desktop\\PromptWars2\\src\\main.tsx": {"path":"C:\\Users\\shagu\\OneDrive\\Desktop\\PromptWars2\\src\\main.tsx","statementMap":{"0":{"start":{"line":7,"column":20},"end":{"line":7,"column":51}},"1":{"start":{"line":8,"column":0},"end":{"line":15,"column":null}},"2":{"start":{"line":9,"column":2},"end":{"line":15,"column":null}}},"fnMap":{},"branchMap":{"0":{"loc":{"start":{"line":8,"column":0},"end":{"line":15,"column":null}},"type":"if","locations":[{"start":{"line":8,"column":0},"end":{"line":15,"column":null}},{"start":{},"end":{}}],"line":8}},"s":{"0":0,"1":0,"2":0},"f":{},"b":{"0":[0,0]},"meta":{"lastBranch":1,"lastFunction":0,"lastStatement":3,"seen":{"s:7:20:7:51":0,"b:8:0:15:Infinity:undefined:undefined:undefined:undefined":0,"s:8:0:15:Infinity":1,"s:9:2:15:Infinity":2}}}
,"C:\\Users\\shagu\\OneDrive\\Desktop\\PromptWars2\\src\\components\\AccessibilityBar\\AccessibilityBar.tsx": {"path":"C:\\Users\\shagu\\OneDrive\\Desktop\\PromptWars2\\src\\components\\AccessibilityBar\\AccessibilityBar.tsx","statementMap":{"0":{"start":{"line":19,"column":26},"end":{"line":19,"column":62}},"1":{"start":{"line":20,"column":23},"end":{"line":20,"column":45}},"2":{"start":{"line":22,"column":19},"end":{"line":27,"column":null}},"3":{"start":{"line":23,"column":4},"end":{"line":26,"column":null}},"4":{"start":{"line":24,"column":20},"end":{"line":24,"column":65}},"5":{"start":{"line":25,"column":6},"end":{"line":25,"column":null}},"6":{"start":{"line":26,"column":14},"end":{"line":26,"column":null}},"7":{"start":{"line":28,"column":23},"end":{"line":33,"column":null}},"8":{"start":{"line":29,"column":4},"end":{"line":32,"column":null}},"9":{"start":{"line":30,"column":20},"end":{"line":30,"column":65}},"10":{"start":{"line":31,"column":6},"end":{"line":31,"column":null}},"11":{"start":{"line":32,"column":14},"end":{"line":32,"column":null}},"12":{"start":{"line":34,"column":19},"end":{"line":39,"column":null}},"13":{"start":{"line":35,"column":4},"end":{"line":38,"column":null}},"14":{"start":{"line":36,"column":20},"end":{"line":36,"column":65}},"15":{"start":{"line":37,"column":6},"end":{"line":37,"column":null}},"16":{"start":{"line":38,"column":14},"end":{"line":38,"column":null}},"17":{"start":{"line":42,"column":2},"end":{"line":54,"column":null}},"18":{"start":{"line":43,"column":4},"end":{"line":52,"column":null}},"19":{"start":{"line":44,"column":20},"end":{"line":44,"column":65}},"20":{"start":{"line":45,"column":6},"end":{"line":48,"column":null}},"21":{"start":{"line":46,"column":22},"end":{"line":46,"column":39}},"22":{"start":{"line":47,"column":8},"end":{"line":48,"column":null}},"23":{"start":{"line":48,"column":10},"end":{"line":48,"column":null}},"24":{"start":{"line":52,"column":6},"end":{"line":52,"column":null}},"25":{"start":{"line":57,"column":2},"end":{"line":64,"column":null}},"26":{"start":{"line":58,"column":44},"end":{"line":58,"column":null}},"27":{"start":{"line":59,"column":4},"end":{"line":62,"column":null}},"28":{"start":{"line":60,"column":6},"end":{"line":60,"column":null}},"29":{"start":{"line":62,"column":6},"end":{"line":62,"column":null}},"30":{"start":{"line":67,"column":2},"end":{"line":73,"column":null}},"31":{"start":{"line":68,"column":17},"end":{"line":68,"column":null}},"32":{"start":{"line":69,"column":17},"end":{"line":69,"column":null}},"33":{"start":{"line":70,"column":4},"end":{"line":70,"column":null}},"34":{"start":{"line":71,"column":4},"end":{"line":71,"column":null}},"35":{"start":{"line":72,"column":4},"end":{"line":72,"column":null}},"36":{"start":{"line":76,"column":8},"end":{"line":78,"column":19}},"37":{"start":{"line":77,"column":4},"end":{"line":77,"column":null}},"38":{"start":{"line":81,"column":8},"end":{"line":87,"column":8}},"39":{"start":{"line":82,"column":4},"end":{"line":86,"column":null}},"40":{"start":{"line":83,"column":32},"end":{"line":83,"column":null}},"41":{"start":{"line":84,"column":18},"end":{"line":84,"column":37}},"42":{"start":{"line":85,"column":6},"end":{"line":85,"column":null}},"43":{"start":{"line":90,"column":8},"end":{"line":92,"column":8}},"44":{"start":{"line":91,"column":4},"end":{"line":91,"column":null}},"45":{"start":{"line":91,"column":30},"end":{"line":91,"column":36}},"46":{"start":{"line":95,"column":8},"end":{"line":97,"column":8}},"47":{"start":{"line":96,"column":4},"end":{"line":96,"column":null}},"48":{"start":{"line":96,"column":26},"end":{"line":96,"column":32}},"49":{"start":{"line":100,"column":8},"end":{"line":112,"column":47}},"50":{"start":{"line":101,"column":4},"end":{"line":103,"column":null}},"51":{"start":{"line":102,"column":6},"end":{"line":102,"column":null}},"52":{"start":{"line":103,"column":6},"end":{"line":103,"column":null}},"53":{"start":{"line":105,"column":24},"end":{"line":105,"column":63}},"54":{"start":{"line":106,"column":4},"end":{"line":110,"column":null}},"55":{"start":{"line":107,"column":19},"end":{"line":107,"column":null}},"56":{"start":{"line":108,"column":6},"end":{"line":110,"column":null}},"57":{"start":{"line":109,"column":8},"end":{"line":109,"column":45}},"58":{"start":{"line":114,"column":2},"end":{"line":181,"column":null}},"59":{"start":{"line":129,"column":14},"end":{"line":131,"column":null}}},"fnMap":{"0":{"name":"AccessibilityBar","decl":{"start":{"line":18,"column":16},"end":{"line":18,"column":48}},"loc":{"start":{"line":18,"column":48},"end":{"line":181,"column":null}},"line":18},"1":{"name":"(anonymous_1)","decl":{"start":{"line":22,"column":34},"end":{"line":22,"column":59}},"loc":{"start":{"line":22,"column":59},"end":{"line":27,"column":null}},"line":22},"2":{"name":"(anonymous_2)","decl":{"start":{"line":28,"column":42},"end":{"line":28,"column":57}},"loc":{"start":{"line":28,"column":57},"end":{"line":33,"column":null}},"line":28},"3":{"name":"(anonymous_3)","decl":{"start":{"line":34,"column":34},"end":{"line":34,"column":49}},"loc":{"start":{"line":34,"column":49},"end":{"line":39,"column":null}},"line":34},"4":{"name":"(anonymous_4)","decl":{"start":{"line":42,"column":2},"end":{"line":42,"column":18}},"loc":{"start":{"line":42,"column":18},"end":{"line":54,"column":7}},"line":42},"5":{"name":"(anonymous_5)","decl":{"start":{"line":57,"column":2},"end":{"line":57,"column":18}},"loc":{"start":{"line":57,"column":18},"end":{"line":64,"column":6}},"line":57},"6":{"name":"(anonymous_6)","decl":{"start":{"line":67,"column":2},"end":{"line":67,"column":18}},"loc":{"start":{"line":67,"column":18},"end":{"line":73,"column":6}},"line":67},"7":{"name":"(anonymous_7)","decl":{"start":{"line":76,"column":31},"end":{"line":76,"column":44}},"loc":{"start":{"line":76,"column":88},"end":{"line":78,"column":6}},"line":76},"8":{"name":"(anonymous_8)","decl":{"start":{"line":81,"column":31},"end":{"line":81,"column":49}},"loc":{"start":{"line":81,"column":49},"end":{"line":87,"column":7}},"line":81},"9":{"name":"(anonymous_9)","decl":{"start":{"line":82,"column":4},"end":{"line":82,"column":17}},"loc":{"start":{"line":82,"column":26},"end":{"line":86,"column":null}},"line":82},"10":{"name":"(anonymous_10)","decl":{"start":{"line":90,"column":31},"end":{"line":90,"column":49}},"loc":{"start":{"line":90,"column":49},"end":{"line":92,"column":7}},"line":90},"11":{"name":"(anonymous_11)","decl":{"start":{"line":91,"column":4},"end":{"line":91,"column":21}},"loc":{"start":{"line":91,"column":30},"end":{"line":91,"column":36}},"line":91},"12":{"name":"(anonymous_12)","decl":{"start":{"line":95,"column":31},"end":{"line":95,"column":49}},"loc":{"start":{"line":95,"column":49},"end":{"line":97,"column":7}},"line":95},"13":{"name":"(anonymous_13)","decl":{"start":{"line":96,"column":4},"end":{"line":96,"column":17}},"loc":{"start":{"line":96,"column":26},"end":{"line":96,"column":32}},"line":96},"14":{"name":"(anonymous_14)","decl":{"start":{"line":100,"column":25},"end":{"line":100,"column":43}},"loc":{"start":{"line":100,"column":43},"end":{"line":112,"column":6}},"line":100},"15":{"name":"(anonymous_15)","decl":{"start":{"line":108,"column":54},"end":{"line":108,"column":61}},"loc":{"start":{"line":109,"column":8},"end":{"line":109,"column":45}},"line":109},"16":{"name":"(anonymous_16)","decl":{"start":{"line":128,"column":33},"end":{"line":128,"column":38}},"loc":{"start":{"line":129,"column":14},"end":{"line":131,"column":null}},"line":129}},"branchMap":{"0":{"loc":{"start":{"line":25,"column":13},"end":{"line":25,"column":null}},"type":"cond-expr","locations":[{"start":{"line":25,"column":22},"end":{"line":25,"column":80}},{"start":{"line":25,"column":80},"end":{"line":25,"column":null}}],"line":25},"1":{"loc":{"start":{"line":31,"column":13},"end":{"line":31,"column":null}},"type":"cond-expr","locations":[{"start":{"line":31,"column":22},"end":{"line":31,"column":84}},{"start":{"line":31,"column":84},"end":{"line":31,"column":null}}],"line":31},"2":{"loc":{"start":{"line":37,"column":13},"end":{"line":37,"column":null}},"type":"cond-expr","locations":[{"start":{"line":37,"column":22},"end":{"line":37,"column":80}},{"start":{"line":37,"column":80},"end":{"line":37,"column":null}}],"line":37},"3":{"loc":{"start":{"line":45,"column":6},"end":{"line":48,"column":null}},"type":"if","locations":[{"start":{"line":45,"column":6},"end":{"line":48,"column":null}},{"start":{},"end":{}}],"line":45},"4":{"loc":{"start":{"line":47,"column":8},"end":{"line":48,"column":null}},"type":"if","locations":[{"start":{"line":47,"column":8},"end":{"line":48,"column":null}},{"start":{},"end":{}}],"line":47},"5":{"loc":{"start":{"line":47,"column":12},"end":{"line":47,"column":66}},"type":"binary-expr","locations":[{"start":{"line":47,"column":12},"end":{"line":47,"column":30}},{"start":{"line":47,"column":30},"end":{"line":47,"column":66}}],"line":47},"6":{"loc":{"start":{"line":69,"column":17},"end":{"line":69,"column":null}},"type":"binary-expr","locations":[{"start":{"line":69,"column":17},"end":{"line":69,"column":41}},{"start":{"line":69,"column":41},"end":{"line":69,"column":null}}],"line":69},"7":{"loc":{"start":{"line":85,"column":13},"end":{"line":85,"column":null}},"type":"binary-expr","locations":[{"start":{"line":85,"column":13},"end":{"line":85,"column":48}},{"start":{"line":85,"column":48},"end":{"line":85,"column":null}}],"line":85},"8":{"loc":{"start":{"line":101,"column":4},"end":{"line":103,"column":null}},"type":"if","locations":[{"start":{"line":101,"column":4},"end":{"line":103,"column":null}},{"start":{},"end":{}}],"line":101},"9":{"loc":{"start":{"line":106,"column":4},"end":{"line":110,"column":null}},"type":"if","locations":[{"start":{"line":106,"column":4},"end":{"line":110,"column":null}},{"start":{},"end":{}}],"line":106},"10":{"loc":{"start":{"line":107,"column":19},"end":{"line":107,"column":null}},"type":"binary-expr","locations":[{"start":{"line":107,"column":19},"end":{"line":107,"column":46}},{"start":{"line":107,"column":46},"end":{"line":107,"column":null}}],"line":107},"11":{"loc":{"start":{"line":150,"column":43},"end":{"line":150,"column":null}},"type":"cond-expr","locations":[{"start":{"line":150,"column":58},"end":{"line":150,"column":87}},{"start":{"line":150,"column":87},"end":{"line":150,"column":null}}],"line":150},"12":{"loc":{"start":{"line":152,"column":42},"end":{"line":152,"column":null}},"type":"cond-expr","locations":[{"start":{"line":152,"column":57},"end":{"line":152,"column":64}},{"start":{"line":152,"column":64},"end":{"line":152,"column":null}}],"line":152},"13":{"loc":{"start":{"line":161,"column":43},"end":{"line":161,"column":null}},"type":"cond-expr","locations":[{"start":{"line":161,"column":54},"end":{"line":161,"column":83}},{"start":{"line":161,"column":83},"end":{"line":161,"column":null}}],"line":161},"14":{"loc":{"start":{"line":163,"column":38},"end":{"line":163,"column":null}},"type":"cond-expr","locations":[{"start":{"line":163,"column":49},"end":{"line":163,"column":56}},{"start":{"line":163,"column":56},"end":{"line":163,"column":null}}],"line":163},"15":{"loc":{"start":{"line":167,"column":38},"end":{"line":167,"column":68}},"type":"cond-expr","locations":[{"start":{"line":167,"column":49},"end":{"line":167,"column":56}},{"start":{"line":167,"column":56},"end":{"line":167,"column":68}}],"line":167},"16":{"loc":{"start":{"line":172,"column":43},"end":{"line":172,"column":null}},"type":"cond-expr","locations":[{"start":{"line":172,"column":55},"end":{"line":172,"column":84}},{"start":{"line":172,"column":84},"end":{"line":172,"column":null}}],"line":172},"17":{"loc":{"start":{"line":174,"column":24},"end":{"line":174,"column":null}},"type":"cond-expr","locations":[{"start":{"line":174,"column":36},"end":{"line":174,"column":58}},{"start":{"line":174,"column":58},"end":{"line":174,"column":null}}],"line":174},"18":{"loc":{"start":{"line":177,"column":38},"end":{"line":177,"column":68}},"type":"cond-expr","locations":[{"start":{"line":177,"column":50},"end":{"line":177,"column":56}},{"start":{"line":177,"column":56},"end":{"line":177,"column":68}}],"line":177}},"s":{"0":8,"1":8,"2":8,"3":6,"4":6,"5":6,"6":0,"7":8,"8":6,"9":6,"10":6,"11":0,"12":8,"13":6,"14":6,"15":6,"16":0,"17":8,"18":6,"19":6,"20":6,"21":4,"22":4,"23":0,"24":0,"25":8,"26":7,"27":7,"28":7,"29":0,"30":8,"31":6,"32":6,"33":6,"34":6,"35":6,"36":8,"37":1,"38":8,"39":0,"40":0,"41":0,"42":0,"43":8,"44":0,"45":0,"46":8,"47":0,"48":0,"49":8,"50":0,"51":0,"52":0,"53":0,"54":0,"55":0,"56":0,"57":0,"58":8,"59":64},"f":{"0":8,"1":6,"2":6,"3":6,"4":6,"5":7,"6":6,"7":1,"8":0,"9":0,"10":0,"11":0,"12":0,"13":0,"14":0,"15":0,"16":64},"b":{"0":[4,2],"1":[4,2],"2":[4,2],"3":[4,2],"4":[0,4],"5":[4,4],"6":[6,0],"7":[0,0],"8":[0,0],"9":[0,0],"10":[0,0],"11":[0,8],"12":[0,8],"13":[0,8],"14":[0,8],"15":[0,8],"16":[0,8],"17":[0,8],"18":[0,8]},"meta":{"lastBranch":19,"lastFunction":17,"lastStatement":60,"seen":{"f:18:16:18:48":0,"s:19:26:19:62":0,"s:20:23:20:45":1,"s:22:19:27:Infinity":2,"f:22:34:22:59":1,"s:23:4:26:Infinity":3,"s:24:20:24:65":4,"s:25:6:25:Infinity":5,"b:25:22:25:80:25:80:25:Infinity":0,"s:26:14:26:Infinity":6,"s:28:23:33:Infinity":7,"f:28:42:28:57":2,"s:29:4:32:Infinity":8,"s:30:20:30:65":9,"s:31:6:31:Infinity":10,"b:31:22:31:84:31:84:31:Infinity":1,"s:32:14:32:Infinity":11,"s:34:19:39:Infinity":12,"f:34:34:34:49":3,"s:35:4:38:Infinity":13,"s:36:20:36:65":14,"s:37:6:37:Infinity":15,"b:37:22:37:80:37:80:37:Infinity":2,"s:38:14:38:Infinity":16,"s:42:2:54:Infinity":17,"f:42:2:42:18":4,"s:43:4:52:Infinity":18,"s:44:20:44:65":19,"b:45:6:48:Infinity:undefined:undefined:undefined:undefined":3,"s:45:6:48:Infinity":20,"s:46:22:46:39":21,"b:47:8:48:Infinity:undefined:undefined:undefined:undefined":4,"s:47:8:48:Infinity":22,"b:47:12:47:30:47:30:47:66":5,"s:48:10:48:Infinity":23,"s:52:6:52:Infinity":24,"s:57:2:64:Infinity":25,"f:57:2:57:18":5,"s:58:44:58:Infinity":26,"s:59:4:62:Infinity":27,"s:60:6:60:Infinity":28,"s:62:6:62:Infinity":29,"s:67:2:73:Infinity":30,"f:67:2:67:18":6,"s:68:17:68:Infinity":31,"s:69:17:69:Infinity":32,"b:69:17:69:41:69:41:69:Infinity":6,"s:70:4:70:Infinity":33,"s:71:4:71:Infinity":34,"s:72:4:72:Infinity":35,"s:76:8:78:19":36,"f:76:31:76:44":7,"s:77:4:77:Infinity":37,"s:81:8:87:8":38,"f:81:31:81:49":8,"s:82:4:86:Infinity":39,"f:82:4:82:17":9,"s:83:32:83:Infinity":40,"s:84:18:84:37":41,"s:85:6:85:Infinity":42,"b:85:13:85:48:85:48:85:Infinity":7,"s:90:8:92:8":43,"f:90:31:90:49":10,"s:91:4:91:Infinity":44,"f:91:4:91:21":11,"s:91:30:91:36":45,"s:95:8:97:8":46,"f:95:31:95:49":12,"s:96:4:96:Infinity":47,"f:96:4:96:17":13,"s:96:26:96:32":48,"s:100:8:112:47":49,"f:100:25:100:43":14,"b:101:4:103:Infinity:undefined:undefined:undefined:undefined":8,"s:101:4:103:Infinity":50,"s:102:6:102:Infinity":51,"s:103:6:103:Infinity":52,"s:105:24:105:63":53,"b:106:4:110:Infinity:undefined:undefined:undefined:undefined":9,"s:106:4:110:Infinity":54,"s:107:19:107:Infinity":55,"b:107:19:107:46:107:46:107:Infinity":10,"s:108:6:110:Infinity":56,"f:108:54:108:61":15,"s:109:8:109:45":57,"s:114:2:181:Infinity":58,"f:128:33:128:38":16,"s:129:14:131:Infinity":59,"b:150:58:150:87:150:87:150:Infinity":11,"b:152:57:152:64:152:64:152:Infinity":12,"b:161:54:161:83:161:83:161:Infinity":13,"b:163:49:163:56:163:56:163:Infinity":14,"b:167:49:167:56:167:56:167:68":15,"b:172:55:172:84:172:84:172:Infinity":16,"b:174:36:174:58:174:58:174:Infinity":17,"b:177:50:177:56:177:56:177:68":18}}}
,"C:\\Users\\shagu\\OneDrive\\Desktop\\PromptWars2\\src\\components\\AccessibilityBar\\index.ts": {"path":"C:\\Users\\shagu\\OneDrive\\Desktop\\PromptWars2\\src\\components\\AccessibilityBar\\index.ts","statementMap":{},"fnMap":{},"branchMap":{},"s":{},"f":{},"b":{},"meta":{"lastBranch":0,"lastFunction":0,"lastStatement":0,"seen":{}}}
,"C:\\Users\\shagu\\OneDrive\\Desktop\\PromptWars2\\src\\components\\ChatAssistant\\ChatAssistant.tsx": {"path":"C:\\Users\\shagu\\OneDrive\\Desktop\\PromptWars2\\src\\components\\ChatAssistant\\ChatAssistant.tsx","statementMap":{"0":{"start":{"line":30,"column":79},"end":{"line":30,"column":104}},"1":{"start":{"line":31,"column":10},"end":{"line":31,"column":32}},"2":{"start":{"line":32,"column":16},"end":{"line":32,"column":40}},"3":{"start":{"line":33,"column":21},"end":{"line":33,"column":67}},"4":{"start":{"line":34,"column":8},"end":{"line":34,"column":53}},"5":{"start":{"line":35,"column":8},"end":{"line":35,"column":49}},"6":{"start":{"line":36,"column":8},"end":{"line":36,"column":47}},"7":{"start":{"line":39,"column":2},"end":{"line":41,"column":null}},"8":{"start":{"line":40,"column":4},"end":{"line":40,"column":null}},"9":{"start":{"line":44,"column":2},"end":{"line":48,"column":null}},"10":{"start":{"line":45,"column":4},"end":{"line":46,"column":null}},"11":{"start":{"line":46,"column":6},"end":{"line":46,"column":null}},"12":{"start":{"line":51,"column":2},"end":{"line":55,"column":null}},"13":{"start":{"line":52,"column":4},"end":{"line":53,"column":null}},"14":{"start":{"line":53,"column":6},"end":{"line":53,"column":null}},"15":{"start":{"line":58,"column":2},"end":{"line":88,"column":null}},"16":{"start":{"line":59,"column":4},"end":{"line":59,"column":null}},"17":{"start":{"line":59,"column":17},"end":{"line":59,"column":null}},"18":{"start":{"line":61,"column":10},"end":{"line":82,"column":null}},"19":{"start":{"line":62,"column":6},"end":{"line":64,"column":null}},"20":{"start":{"line":63,"column":8},"end":{"line":63,"column":null}},"21":{"start":{"line":64,"column":8},"end":{"line":64,"column":null}},"22":{"start":{"line":67,"column":6},"end":{"line":67,"column":null}},"23":{"start":{"line":67,"column":48},"end":{"line":67,"column":null}},"24":{"start":{"line":69,"column":24},"end":{"line":70,"column":null}},"25":{"start":{"line":72,"column":20},"end":{"line":72,"column":null}},"26":{"start":{"line":73,"column":19},"end":{"line":73,"column":null}},"27":{"start":{"line":75,"column":6},"end":{"line":75,"column":null}},"28":{"start":{"line":75,"column":27},"end":{"line":75,"column":null}},"29":{"start":{"line":77,"column":6},"end":{"line":82,"column":null}},"30":{"start":{"line":78,"column":8},"end":{"line":78,"column":null}},"31":{"start":{"line":79,"column":8},"end":{"line":79,"column":null}},"32":{"start":{"line":80,"column":17},"end":{"line":82,"column":null}},"33":{"start":{"line":81,"column":8},"end":{"line":81,"column":null}},"34":{"start":{"line":82,"column":8},"end":{"line":82,"column":null}},"35":{"start":{"line":86,"column":4},"end":{"line":86,"column":null}},"36":{"start":{"line":87,"column":4},"end":{"line":87,"column":null}},"37":{"start":{"line":87,"column":17},"end":{"line":87,"column":71}},"38":{"start":{"line":91,"column":8},"end":{"line":103,"column":26}},"39":{"start":{"line":92,"column":4},"end":{"line":92,"column":null}},"40":{"start":{"line":93,"column":10},"end":{"line":93,"column":49}},"41":{"start":{"line":94,"column":4},"end":{"line":96,"column":null}},"42":{"start":{"line":95,"column":6},"end":{"line":95,"column":null}},"43":{"start":{"line":96,"column":6},"end":{"line":96,"column":null}},"44":{"start":{"line":98,"column":4},"end":{"line":98,"column":null}},"45":{"start":{"line":99,"column":4},"end":{"line":101,"column":null}},"46":{"start":{"line":100,"column":6},"end":{"line":100,"column":null}},"47":{"start":{"line":102,"column":4},"end":{"line":102,"column":null}},"48":{"start":{"line":106,"column":8},"end":{"line":110,"column":19}},"49":{"start":{"line":107,"column":4},"end":{"line":109,"column":null}},"50":{"start":{"line":108,"column":6},"end":{"line":108,"column":null}},"51":{"start":{"line":113,"column":8},"end":{"line":116,"column":8}},"52":{"start":{"line":114,"column":4},"end":{"line":114,"column":null}},"53":{"start":{"line":115,"column":4},"end":{"line":115,"column":null}},"54":{"start":{"line":118,"column":2},"end":{"line":262,"column":null}},"55":{"start":{"line":177,"column":14},"end":{"line":191,"column":null}},"56":{"start":{"line":207,"column":16},"end":{"line":215,"column":null}},"57":{"start":{"line":211,"column":33},"end":{"line":211,"column":52}}},"fnMap":{"0":{"name":"ChatAssistant","decl":{"start":{"line":29,"column":16},"end":{"line":29,"column":30}},"loc":{"start":{"line":29,"column":101},"end":{"line":262,"column":null}},"line":29},"1":{"name":"(anonymous_1)","decl":{"start":{"line":39,"column":2},"end":{"line":39,"column":18}},"loc":{"start":{"line":39,"column":18},"end":{"line":41,"column":6}},"line":39},"2":{"name":"(anonymous_2)","decl":{"start":{"line":44,"column":2},"end":{"line":44,"column":18}},"loc":{"start":{"line":44,"column":18},"end":{"line":48,"column":6}},"line":44},"3":{"name":"(anonymous_3)","decl":{"start":{"line":51,"column":2},"end":{"line":51,"column":18}},"loc":{"start":{"line":51,"column":18},"end":{"line":55,"column":6}},"line":51},"4":{"name":"(anonymous_4)","decl":{"start":{"line":53,"column":34},"end":{"line":53,"column":46}},"loc":{"start":{"line":53,"column":46},"end":{"line":53,"column":72}},"line":53},"5":{"name":"(anonymous_5)","decl":{"start":{"line":58,"column":2},"end":{"line":58,"column":18}},"loc":{"start":{"line":58,"column":18},"end":{"line":88,"column":6}},"line":58},"6":{"name":"(anonymous_6)","decl":{"start":{"line":61,"column":10},"end":{"line":61,"column":27}},"loc":{"start":{"line":61,"column":48},"end":{"line":82,"column":null}},"line":61},"7":{"name":"(anonymous_7)","decl":{"start":{"line":87,"column":4},"end":{"line":87,"column":17}},"loc":{"start":{"line":87,"column":17},"end":{"line":87,"column":71}},"line":87},"8":{"name":"(anonymous_8)","decl":{"start":{"line":91,"column":35},"end":{"line":91,"column":42}},"loc":{"start":{"line":91,"column":65},"end":{"line":103,"column":6}},"line":91},"9":{"name":"(anonymous_9)","decl":{"start":{"line":106,"column":39},"end":{"line":106,"column":46}},"loc":{"start":{"line":106,"column":67},"end":{"line":110,"column":6}},"line":106},"10":{"name":"(anonymous_10)","decl":{"start":{"line":113,"column":28},"end":{"line":113,"column":41}},"loc":{"start":{"line":113,"column":84},"end":{"line":116,"column":7}},"line":113},"11":{"name":"(anonymous_11)","decl":{"start":{"line":176,"column":22},"end":{"line":176,"column":27}},"loc":{"start":{"line":177,"column":14},"end":{"line":191,"column":null}},"line":177},"12":{"name":"(anonymous_12)","decl":{"start":{"line":206,"column":35},"end":{"line":206,"column":40}},"loc":{"start":{"line":207,"column":16},"end":{"line":215,"column":null}},"line":207},"13":{"name":"(anonymous_13)","decl":{"start":{"line":211,"column":18},"end":{"line":211,"column":33}},"loc":{"start":{"line":211,"column":33},"end":{"line":211,"column":52}},"line":211}},"branchMap":{"0":{"loc":{"start":{"line":45,"column":4},"end":{"line":46,"column":null}},"type":"if","locations":[{"start":{"line":45,"column":4},"end":{"line":46,"column":null}},{"start":{},"end":{}}],"line":45},"1":{"loc":{"start":{"line":45,"column":8},"end":{"line":45,"column":36}},"type":"binary-expr","locations":[{"start":{"line":45,"column":8},"end":{"line":45,"column":18}},{"start":{"line":45,"column":18},"end":{"line":45,"column":36}}],"line":45},"2":{"loc":{"start":{"line":52,"column":4},"end":{"line":53,"column":null}},"type":"if","locations":[{"start":{"line":52,"column":4},"end":{"line":53,"column":null}},{"start":{},"end":{}}],"line":52},"3":{"loc":{"start":{"line":52,"column":8},"end":{"line":52,"column":34}},"type":"binary-expr","locations":[{"start":{"line":52,"column":8},"end":{"line":52,"column":26}},{"start":{"line":52,"column":26},"end":{"line":52,"column":34}}],"line":52},"4":{"loc":{"start":{"line":59,"column":4},"end":{"line":59,"column":null}},"type":"if","locations":[{"start":{"line":59,"column":4},"end":{"line":59,"column":null}},{"start":{},"end":{}}],"line":59},"5":{"loc":{"start":{"line":62,"column":6},"end":{"line":64,"column":null}},"type":"if","locations":[{"start":{"line":62,"column":6},"end":{"line":64,"column":null}},{"start":{},"end":{}}],"line":62},"6":{"loc":{"start":{"line":67,"column":6},"end":{"line":67,"column":null}},"type":"if","locations":[{"start":{"line":67,"column":6},"end":{"line":67,"column":null}},{"start":{},"end":{}}],"line":67},"7":{"loc":{"start":{"line":67,"column":10},"end":{"line":67,"column":48}},"type":"binary-expr","locations":[{"start":{"line":67,"column":10},"end":{"line":67,"column":29}},{"start":{"line":67,"column":29},"end":{"line":67,"column":48}}],"line":67},"8":{"loc":{"start":{"line":75,"column":6},"end":{"line":75,"column":null}},"type":"if","locations":[{"start":{"line":75,"column":6},"end":{"line":75,"column":null}},{"start":{},"end":{}}],"line":75},"9":{"loc":{"start":{"line":75,"column":10},"end":{"line":75,"column":27}},"type":"binary-expr","locations":[{"start":{"line":75,"column":10},"end":{"line":75,"column":20}},{"start":{"line":75,"column":20},"end":{"line":75,"column":27}}],"line":75},"10":{"loc":{"start":{"line":77,"column":6},"end":{"line":82,"column":null}},"type":"if","locations":[{"start":{"line":77,"column":6},"end":{"line":82,"column":null}},{"start":{"line":80,"column":17},"end":{"line":82,"column":null}}],"line":77},"11":{"loc":{"start":{"line":77,"column":10},"end":{"line":77,"column":58}},"type":"binary-expr","locations":[{"start":{"line":77,"column":10},"end":{"line":77,"column":24}},{"start":{"line":77,"column":24},"end":{"line":77,"column":58}}],"line":77},"12":{"loc":{"start":{"line":80,"column":17},"end":{"line":82,"column":null}},"type":"if","locations":[{"start":{"line":80,"column":17},"end":{"line":82,"column":null}},{"start":{},"end":{}}],"line":80},"13":{"loc":{"start":{"line":80,"column":17},"end":{"line":80,"column":65}},"type":"binary-expr","locations":[{"start":{"line":80,"column":17},"end":{"line":80,"column":32}},{"start":{"line":80,"column":32},"end":{"line":80,"column":65}}],"line":80},"14":{"loc":{"start":{"line":94,"column":4},"end":{"line":96,"column":null}},"type":"if","locations":[{"start":{"line":94,"column":4},"end":{"line":96,"column":null}},{"start":{},"end":{}}],"line":94},"15":{"loc":{"start":{"line":95,"column":20},"end":{"line":95,"column":45}},"type":"binary-expr","locations":[{"start":{"line":95,"column":20},"end":{"line":95,"column":40}},{"start":{"line":95,"column":40},"end":{"line":95,"column":45}}],"line":95},"16":{"loc":{"start":{"line":123,"column":32},"end":{"line":123,"column":null}},"type":"cond-expr","locations":[{"start":{"line":123,"column":41},"end":{"line":123,"column":61}},{"start":{"line":123,"column":61},"end":{"line":123,"column":null}}],"line":123},"17":{"loc":{"start":{"line":125,"column":20},"end":{"line":125,"column":null}},"type":"cond-expr","locations":[{"start":{"line":125,"column":29},"end":{"line":125,"column":52}},{"start":{"line":125,"column":52},"end":{"line":125,"column":null}}],"line":125},"18":{"loc":{"start":{"line":130,"column":34},"end":{"line":130,"column":60}},"type":"cond-expr","locations":[{"start":{"line":130,"column":43},"end":{"line":130,"column":49}},{"start":{"line":130,"column":49},"end":{"line":130,"column":60}}],"line":130},"19":{"loc":{"start":{"line":134,"column":7},"end":{"line":262,"column":null}},"type":"binary-expr","locations":[{"start":{"line":134,"column":7},"end":{"line":134,"column":null}},{"start":{"line":135,"column":8},"end":{"line":262,"column":null}}],"line":134},"20":{"loc":{"start":{"line":168,"column":11},"end":{"line":171,"column":null}},"type":"binary-expr","locations":[{"start":{"line":168,"column":11},"end":{"line":168,"column":null}},{"start":{"line":169,"column":12},"end":{"line":171,"column":null}}],"line":168},"21":{"loc":{"start":{"line":180,"column":31},"end":{"line":180,"column":66}},"type":"cond-expr","locations":[{"start":{"line":180,"column":53},"end":{"line":180,"column":61}},{"start":{"line":180,"column":61},"end":{"line":180,"column":66}}],"line":180},"22":{"loc":{"start":{"line":184,"column":19},"end":{"line":184,"column":null}},"type":"binary-expr","locations":[{"start":{"line":184,"column":19},"end":{"line":184,"column":38}},{"start":{"line":184,"column":38},"end":{"line":184,"column":null}}],"line":184},"23":{"loc":{"start":{"line":186,"column":17},"end":{"line":189,"column":null}},"type":"binary-expr","locations":[{"start":{"line":186,"column":17},"end":{"line":186,"column":null}},{"start":{"line":187,"column":18},"end":{"line":189,"column":null}}],"line":186},"24":{"loc":{"start":{"line":194,"column":13},"end":{"line":197,"column":null}},"type":"binary-expr","locations":[{"start":{"line":194,"column":13},"end":{"line":194,"column":26}},{"start":{"line":194,"column":26},"end":{"line":194,"column":62}},{"start":{"line":195,"column":14},"end":{"line":197,"column":null}}],"line":194},"25":{"loc":{"start":{"line":204,"column":11},"end":{"line":217,"column":null}},"type":"binary-expr","locations":[{"start":{"line":204,"column":11},"end":{"line":204,"column":null}},{"start":{"line":205,"column":12},"end":{"line":217,"column":null}}],"line":204},"26":{"loc":{"start":{"line":221,"column":12},"end":{"line":224,"column":null}},"type":"binary-expr","locations":[{"start":{"line":221,"column":12},"end":{"line":221,"column":21}},{"start":{"line":221,"column":21},"end":{"line":221,"column":null}},{"start":{"line":222,"column":12},"end":{"line":224,"column":null}}],"line":221},"27":{"loc":{"start":{"line":223,"column":15},"end":{"line":223,"column":null}},"type":"binary-expr","locations":[{"start":{"line":223,"column":15},"end":{"line":223,"column":24}},{"start":{"line":223,"column":24},"end":{"line":223,"column":null}}],"line":223},"28":{"loc":{"start":{"line":248,"column":24},"end":{"line":248,"column":null}},"type":"binary-expr","locations":[{"start":{"line":248,"column":24},"end":{"line":248,"column":37}},{"start":{"line":248,"column":37},"end":{"line":248,"column":50}},{"start":{"line":248,"column":54},"end":{"line":248,"column":null}}],"line":248}},"s":{"0":17,"1":17,"2":17,"3":17,"4":17,"5":17,"6":17,"7":17,"8":11,"9":17,"10":9,"11":4,"12":17,"13":8,"14":0,"15":17,"16":9,"17":5,"18":4,"19":3,"20":1,"21":1,"22":2,"23":0,"24":2,"25":2,"26":2,"27":2,"28":0,"29":2,"30":0,"31":0,"32":2,"33":0,"34":0,"35":4,"36":4,"37":4,"38":17,"39":3,"40":3,"41":3,"42":0,"43":0,"44":3,"45":3,"46":3,"47":3,"48":17,"49":0,"50":0,"51":17,"52":3,"53":3,"54":17,"55":17,"56":24,"57":0},"f":{"0":17,"1":11,"2":9,"3":8,"4":0,"5":9,"6":3,"7":4,"8":3,"9":0,"10":3,"11":17,"12":24,"13":0},"b":{"0":[4,5],"1":[9,4],"2":[0,8],"3":[8,0],"4":[5,4],"5":[1,2],"6":[0,2],"7":[2,2],"8":[0,2],"9":[2,2],"10":[0,2],"11":[2,1],"12":[0,2],"13":[2,1],"14":[0,3],"15":[0,0],"16":[12,5],"17":[12,5],"18":[12,5],"19":[17,12],"20":[12,5],"21":[6,11],"22":[17,1],"23":[17,11],"24":[12,1,1],"25":[12,6],"26":[12,11,1],"27":[1,0],"28":[12,11,6]},"meta":{"lastBranch":29,"lastFunction":14,"lastStatement":58,"seen":{"f:29:16:29:30":0,"s:30:79:30:104":0,"s:31:10:31:32":1,"s:32:16:32:40":2,"s:33:21:33:67":3,"s:34:8:34:53":4,"s:35:8:35:49":5,"s:36:8:36:47":6,"s:39:2:41:Infinity":7,"f:39:2:39:18":1,"s:40:4:40:Infinity":8,"s:44:2:48:Infinity":9,"f:44:2:44:18":2,"b:45:4:46:Infinity:undefined:undefined:undefined:undefined":0,"s:45:4:46:Infinity":10,"b:45:8:45:18:45:18:45:36":1,"s:46:6:46:Infinity":11,"s:51:2:55:Infinity":12,"f:51:2:51:18":3,"b:52:4:53:Infinity:undefined:undefined:undefined:undefined":2,"s:52:4:53:Infinity":13,"b:52:8:52:26:52:26:52:34":3,"s:53:6:53:Infinity":14,"f:53:34:53:46":4,"s:58:2:88:Infinity":15,"f:58:2:58:18":5,"b:59:4:59:Infinity:undefined:undefined:undefined:undefined":4,"s:59:4:59:Infinity":16,"s:59:17:59:Infinity":17,"s:61:10:82:Infinity":18,"f:61:10:61:27":6,"b:62:6:64:Infinity:undefined:undefined:undefined:undefined":5,"s:62:6:64:Infinity":19,"s:63:8:63:Infinity":20,"s:64:8:64:Infinity":21,"b:67:6:67:Infinity:undefined:undefined:undefined:undefined":6,"s:67:6:67:Infinity":22,"b:67:10:67:29:67:29:67:48":7,"s:67:48:67:Infinity":23,"s:69:24:70:Infinity":24,"s:72:20:72:Infinity":25,"s:73:19:73:Infinity":26,"b:75:6:75:Infinity:undefined:undefined:undefined:undefined":8,"s:75:6:75:Infinity":27,"b:75:10:75:20:75:20:75:27":9,"s:75:27:75:Infinity":28,"b:77:6:82:Infinity:80:17:82:Infinity":10,"s:77:6:82:Infinity":29,"b:77:10:77:24:77:24:77:58":11,"s:78:8:78:Infinity":30,"s:79:8:79:Infinity":31,"b:80:17:82:Infinity:undefined:undefined:undefined:undefined":12,"s:80:17:82:Infinity":32,"b:80:17:80:32:80:32:80:65":13,"s:81:8:81:Infinity":33,"s:82:8:82:Infinity":34,"s:86:4:86:Infinity":35,"s:87:4:87:Infinity":36,"f:87:4:87:17":7,"s:87:17:87:71":37,"s:91:8:103:26":38,"f:91:35:91:42":8,"s:92:4:92:Infinity":39,"s:93:10:93:49":40,"b:94:4:96:Infinity:undefined:undefined:undefined:undefined":14,"s:94:4:96:Infinity":41,"s:95:6:95:Infinity":42,"b:95:20:95:40:95:40:95:45":15,"s:96:6:96:Infinity":43,"s:98:4:98:Infinity":44,"s:99:4:101:Infinity":45,"s:100:6:100:Infinity":46,"s:102:4:102:Infinity":47,"s:106:8:110:19":48,"f:106:39:106:46":9,"s:107:4:109:Infinity":49,"s:108:6:108:Infinity":50,"s:113:8:116:8":51,"f:113:28:113:41":10,"s:114:4:114:Infinity":52,"s:115:4:115:Infinity":53,"s:118:2:262:Infinity":54,"b:123:41:123:61:123:61:123:Infinity":16,"b:125:29:125:52:125:52:125:Infinity":17,"b:130:43:130:49:130:49:130:60":18,"b:134:7:134:Infinity:135:8:262:Infinity":19,"b:168:11:168:Infinity:169:12:171:Infinity":20,"f:176:22:176:27":11,"s:177:14:191:Infinity":55,"b:180:53:180:61:180:61:180:66":21,"b:184:19:184:38:184:38:184:Infinity":22,"b:186:17:186:Infinity:187:18:189:Infinity":23,"b:194:13:194:26:194:26:194:62:195:14:197:Infinity":24,"b:204:11:204:Infinity:205:12:217:Infinity":25,"f:206:35:206:40":12,"s:207:16:215:Infinity":56,"f:211:18:211:33":13,"s:211:33:211:52":57,"b:221:12:221:21:221:21:221:Infinity:222:12:224:Infinity":26,"b:223:15:223:24:223:24:223:Infinity":27,"b:248:24:248:37:248:37:248:50:248:54:248:Infinity":28}}}
,"C:\\Users\\shagu\\OneDrive\\Desktop\\PromptWars2\\src\\components\\ChatAssistant\\index.ts": {"path":"C:\\Users\\shagu\\OneDrive\\Desktop\\PromptWars2\\src\\components\\ChatAssistant\\index.ts","statementMap":{},"fnMap":{},"branchMap":{},"s":{},"f":{},"b":{},"meta":{"lastBranch":0,"lastFunction":0,"lastStatement":0,"seen":{}}}
,"C:\\Users\\shagu\\OneDrive\\Desktop\\PromptWars2\\src\\components\\ErrorBoundary\\ErrorBoundary.tsx": {"path":"C:\\Users\\shagu\\OneDrive\\Desktop\\PromptWars2\\src\\components\\ErrorBoundary\\ErrorBoundary.tsx","statementMap":{"0":{"start":{"line":44,"column":10},"end":{"line":45,"column":null}},"1":{"start":{"line":31,"column":4},"end":{"line":31,"column":null}},"2":{"start":{"line":32,"column":4},"end":{"line":32,"column":null}},"3":{"start":{"line":36,"column":4},"end":{"line":36,"column":null}},"4":{"start":{"line":40,"column":4},"end":{"line":40,"column":null}},"5":{"start":{"line":45,"column":4},"end":{"line":45,"column":null}},"6":{"start":{"line":49,"column":4},"end":{"line":69,"column":null}},"7":{"start":{"line":50,"column":6},"end":{"line":69,"column":null}},"8":{"start":{"line":73,"column":4},"end":{"line":73,"column":null}}},"fnMap":{"0":{"name":"(anonymous_0)","decl":{"start":{"line":30,"column":2},"end":{"line":30,"column":14}},"loc":{"start":{"line":30,"column":41},"end":{"line":32,"column":null}},"line":30},"1":{"name":"(anonymous_1)","decl":{"start":{"line":35,"column":9},"end":{"line":35,"column":34}},"loc":{"start":{"line":35,"column":68},"end":{"line":36,"column":null}},"line":35},"2":{"name":"(anonymous_2)","decl":{"start":{"line":39,"column":2},"end":{"line":39,"column":20}},"loc":{"start":{"line":39,"column":62},"end":{"line":40,"column":null}},"line":39},"3":{"name":"(anonymous_3)","decl":{"start":{"line":44,"column":10},"end":{"line":44,"column":36}},"loc":{"start":{"line":44,"column":36},"end":{"line":45,"column":null}},"line":44},"4":{"name":"(anonymous_4)","decl":{"start":{"line":48,"column":2},"end":{"line":48,"column":22}},"loc":{"start":{"line":48,"column":22},"end":{"line":73,"column":null}},"line":48}},"branchMap":{"0":{"loc":{"start":{"line":40,"column":50},"end":{"line":40,"column":97}},"type":"binary-expr","locations":[{"start":{"line":40,"column":50},"end":{"line":40,"column":76}},{"start":{"line":40,"column":76},"end":{"line":40,"column":97}}],"line":40},"1":{"loc":{"start":{"line":49,"column":4},"end":{"line":69,"column":null}},"type":"if","locations":[{"start":{"line":49,"column":4},"end":{"line":69,"column":null}},{"start":{},"end":{}}],"line":49},"2":{"loc":{"start":{"line":56,"column":15},"end":{"line":58,"column":null}},"type":"cond-expr","locations":[{"start":{"line":57,"column":18},"end":{"line":57,"column":null}},{"start":{"line":58,"column":18},"end":{"line":58,"column":null}}],"line":56}},"s":{"0":0,"1":29,"2":29,"3":2,"4":1,"5":0,"6":35,"7":2,"8":33},"f":{"0":29,"1":28,"2":1,"3":0,"4":35},"b":{"0":[1,0],"1":[2,33],"2":[2,0]},"meta":{"lastBranch":3,"lastFunction":5,"lastStatement":9,"seen":{"s:44:10:45:Infinity":0,"f:30:2:30:14":0,"s:31:4:31:Infinity":1,"s:32:4:32:Infinity":2,"f:35:9:35:34":1,"s:36:4:36:Infinity":3,"f:39:2:39:20":2,"s:40:4:40:Infinity":4,"b:40:50:40:76:40:76:40:97":0,"f:44:10:44:36":3,"s:45:4:45:Infinity":5,"f:48:2:48:22":4,"b:49:4:69:Infinity:undefined:undefined:undefined:undefined":1,"s:49:4:69:Infinity":6,"s:50:6:69:Infinity":7,"b:57:18:57:Infinity:58:18:58:Infinity":2,"s:73:4:73:Infinity":8}}}
,"C:\\Users\\shagu\\OneDrive\\Desktop\\PromptWars2\\src\\components\\ErrorBoundary\\index.ts": {"path":"C:\\Users\\shagu\\OneDrive\\Desktop\\PromptWars2\\src\\components\\ErrorBoundary\\index.ts","statementMap":{},"fnMap":{},"branchMap":{},"s":{},"f":{},"b":{},"meta":{"lastBranch":0,"lastFunction":0,"lastStatement":0,"seen":{}}}
,"C:\\Users\\shagu\\OneDrive\\Desktop\\PromptWars2\\src\\components\\PollingFinder\\PollingFinder.tsx": {"path":"C:\\Users\\shagu\\OneDrive\\Desktop\\PromptWars2\\src\\components\\PollingFinder\\PollingFinder.tsx","statementMap":{"0":{"start":{"line":16,"column":82},"end":{"line":16,"column":115}},"1":{"start":{"line":17,"column":10},"end":{"line":17,"column":32}},"2":{"start":{"line":18,"column":18},"end":{"line":18,"column":44}},"3":{"start":{"line":19,"column":20},"end":{"line":19,"column":65}},"4":{"start":{"line":22,"column":8},"end":{"line":28,"column":30}},"5":{"start":{"line":23,"column":4},"end":{"line":23,"column":null}},"6":{"start":{"line":24,"column":4},"end":{"line":24,"column":null}},"7":{"start":{"line":25,"column":4},"end":{"line":27,"column":null}},"8":{"start":{"line":26,"column":6},"end":{"line":26,"column":null}},"9":{"start":{"line":31,"column":8},"end":{"line":34,"column":8}},"10":{"start":{"line":32,"column":4},"end":{"line":32,"column":null}},"11":{"start":{"line":33,"column":4},"end":{"line":33,"column":null}},"12":{"start":{"line":36,"column":2},"end":{"line":114,"column":null}}},"fnMap":{"0":{"name":"PollingFinder","decl":{"start":{"line":15,"column":16},"end":{"line":15,"column":45}},"loc":{"start":{"line":15,"column":45},"end":{"line":114,"column":null}},"line":15},"1":{"name":"(anonymous_1)","decl":{"start":{"line":22,"column":35},"end":{"line":22,"column":42}},"loc":{"start":{"line":22,"column":65},"end":{"line":28,"column":6}},"line":22},"2":{"name":"(anonymous_2)","decl":{"start":{"line":31,"column":23},"end":{"line":31,"column":36}},"loc":{"start":{"line":31,"column":79},"end":{"line":34,"column":7}},"line":31}},"branchMap":{"0":{"loc":{"start":{"line":62,"column":22},"end":{"line":62,"column":null}},"type":"binary-expr","locations":[{"start":{"line":62,"column":22},"end":{"line":62,"column":35}},{"start":{"line":62,"column":35},"end":{"line":62,"column":null}}],"line":62},"1":{"loc":{"start":{"line":65,"column":13},"end":{"line":65,"column":null}},"type":"cond-expr","locations":[{"start":{"line":65,"column":25},"end":{"line":65,"column":33}},{"start":{"line":65,"column":33},"end":{"line":65,"column":null}}],"line":65},"2":{"loc":{"start":{"line":68,"column":10},"end":{"line":69,"column":null}},"type":"binary-expr","locations":[{"start":{"line":68,"column":10},"end":{"line":68,"column":19}},{"start":{"line":68,"column":19},"end":{"line":68,"column":null}},{"start":{"line":69,"column":10},"end":{"line":69,"column":null}}],"line":68},"3":{"loc":{"start":{"line":69,"column":54},"end":{"line":69,"column":77}},"type":"binary-expr","locations":[{"start":{"line":69,"column":54},"end":{"line":69,"column":63}},{"start":{"line":69,"column":63},"end":{"line":69,"column":77}}],"line":69},"4":{"loc":{"start":{"line":73,"column":7},"end":{"line":73,"column":null}},"type":"binary-expr","locations":[{"start":{"line":73,"column":7},"end":{"line":73,"column":20}},{"start":{"line":73,"column":20},"end":{"line":73,"column":null}}],"line":73},"5":{"loc":{"start":{"line":75,"column":7},"end":{"line":114,"column":null}},"type":"binary-expr","locations":[{"start":{"line":75,"column":7},"end":{"line":75,"column":26}},{"start":{"line":75,"column":26},"end":{"line":75,"column":null}},{"start":{"line":76,"column":8},"end":{"line":114,"column":null}}],"line":75},"6":{"loc":{"start":{"line":77,"column":11},"end":{"line":78,"column":null}},"type":"binary-expr","locations":[{"start":{"line":77,"column":11},"end":{"line":77,"column":null}},{"start":{"line":78,"column":12},"end":{"line":78,"column":null}}],"line":77},"7":{"loc":{"start":{"line":91,"column":13},"end":{"line":99,"column":null}},"type":"binary-expr","locations":[{"start":{"line":91,"column":13},"end":{"line":91,"column":null}},{"start":{"line":92,"column":14},"end":{"line":99,"column":null}}],"line":91},"8":{"loc":{"start":{"line":104,"column":11},"end":{"line":114,"column":null}},"type":"binary-expr","locations":[{"start":{"line":104,"column":11},"end":{"line":104,"column":null}},{"start":{"line":105,"column":12},"end":{"line":114,"column":null}}],"line":104}},"s":{"0":11,"1":11,"2":11,"3":11,"4":11,"5":1,"6":1,"7":1,"8":1,"9":11,"10":2,"11":2,"12":11},"f":{"0":11,"1":1,"2":2},"b":{"0":[11,10],"1":[1,10],"2":[11,10,1],"3":[1,0],"4":[11,1],"5":[11,1,1],"6":[1,0],"7":[1,0],"8":[1,1]},"meta":{"lastBranch":9,"lastFunction":3,"lastStatement":13,"seen":{"f:15:16:15:45":0,"s:16:82:16:115":0,"s:17:10:17:32":1,"s:18:18:18:44":2,"s:19:20:19:65":3,"s:22:8:28:30":4,"f:22:35:22:42":1,"s:23:4:23:Infinity":5,"s:24:4:24:Infinity":6,"s:25:4:27:Infinity":7,"s:26:6:26:Infinity":8,"s:31:8:34:8":9,"f:31:23:31:36":2,"s:32:4:32:Infinity":10,"s:33:4:33:Infinity":11,"s:36:2:114:Infinity":12,"b:62:22:62:35:62:35:62:Infinity":0,"b:65:25:65:33:65:33:65:Infinity":1,"b:68:10:68:19:68:19:68:Infinity:69:10:69:Infinity":2,"b:69:54:69:63:69:63:69:77":3,"b:73:7:73:20:73:20:73:Infinity":4,"b:75:7:75:26:75:26:75:Infinity:76:8:114:Infinity":5,"b:77:11:77:Infinity:78:12:78:Infinity":6,"b:91:13:91:Infinity:92:14:99:Infinity":7,"b:104:11:104:Infinity:105:12:114:Infinity":8}}}
,"C:\\Users\\shagu\\OneDrive\\Desktop\\PromptWars2\\src\\components\\PollingFinder\\index.ts": {"path":"C:\\Users\\shagu\\OneDrive\\Desktop\\PromptWars2\\src\\components\\PollingFinder\\index.ts","statementMap":{},"fnMap":{},"branchMap":{},"s":{},"f":{},"b":{},"meta":{"lastBranch":0,"lastFunction":0,"lastStatement":0,"seen":{}}}
,"C:\\Users\\shagu\\OneDrive\\Desktop\\PromptWars2\\src\\components\\SkeletonLoader\\SkeletonLoader.tsx": {"path":"C:\\Users\\shagu\\OneDrive\\Desktop\\PromptWars2\\src\\components\\SkeletonLoader\\SkeletonLoader.tsx","statementMap":{"0":{"start":{"line":26,"column":2},"end":{"line":35,"column":null}},"1":{"start":{"line":27,"column":4},"end":{"line":35,"column":null}},"2":{"start":{"line":40,"column":2},"end":{"line":48,"column":null}},"3":{"start":{"line":41,"column":4},"end":{"line":48,"column":null}},"4":{"start":{"line":53,"column":2},"end":{"line":61,"column":null}},"5":{"start":{"line":56,"column":8},"end":{"line":59,"column":null}}},"fnMap":{"0":{"name":"SkeletonLoader","decl":{"start":{"line":21,"column":16},"end":{"line":21,"column":31}},"loc":{"start":{"line":25,"column":37},"end":{"line":61,"column":null}},"line":25},"1":{"name":"(anonymous_1)","decl":{"start":{"line":55,"column":35},"end":{"line":55,"column":38}},"loc":{"start":{"line":56,"column":8},"end":{"line":59,"column":null}},"line":56}},"branchMap":{"0":{"loc":{"start":{"line":22,"column":2},"end":{"line":22,"column":null}},"type":"default-arg","locations":[{"start":{"line":22,"column":10},"end":{"line":22,"column":null}}],"line":22},"1":{"loc":{"start":{"line":23,"column":2},"end":{"line":23,"column":null}},"type":"default-arg","locations":[{"start":{"line":23,"column":12},"end":{"line":23,"column":null}}],"line":23},"2":{"loc":{"start":{"line":24,"column":2},"end":{"line":24,"column":null}},"type":"default-arg","locations":[{"start":{"line":24,"column":14},"end":{"line":24,"column":null}}],"line":24},"3":{"loc":{"start":{"line":26,"column":2},"end":{"line":35,"column":null}},"type":"if","locations":[{"start":{"line":26,"column":2},"end":{"line":35,"column":null}},{"start":{},"end":{}}],"line":26},"4":{"loc":{"start":{"line":40,"column":2},"end":{"line":48,"column":null}},"type":"if","locations":[{"start":{"line":40,"column":2},"end":{"line":48,"column":null}},{"start":{},"end":{}}],"line":40},"5":{"loc":{"start":{"line":58,"column":39},"end":{"line":58,"column":null}},"type":"cond-expr","locations":[{"start":{"line":58,"column":57},"end":{"line":58,"column":83}},{"start":{"line":58,"column":83},"end":{"line":58,"column":null}}],"line":58}},"s":{"0":18,"1":2,"2":16,"3":15,"4":1,"5":2},"f":{"0":18,"1":2},"b":{"0":[18],"1":[18],"2":[18],"3":[2,16],"4":[15,1],"5":[1,1]},"meta":{"lastBranch":6,"lastFunction":2,"lastStatement":6,"seen":{"f:21:16:21:31":0,"b:22:10:22:Infinity":0,"b:23:12:23:Infinity":1,"b:24:14:24:Infinity":2,"b:26:2:35:Infinity:undefined:undefined:undefined:undefined":3,"s:26:2:35:Infinity":0,"s:27:4:35:Infinity":1,"b:40:2:48:Infinity:undefined:undefined:undefined:undefined":4,"s:40:2:48:Infinity":2,"s:41:4:48:Infinity":3,"s:53:2:61:Infinity":4,"f:55:35:55:38":1,"s:56:8:59:Infinity":5,"b:58:57:58:83:58:83:58:Infinity":5}}}
,"C:\\Users\\shagu\\OneDrive\\Desktop\\PromptWars2\\src\\components\\SkeletonLoader\\index.ts": {"path":"C:\\Users\\shagu\\OneDrive\\Desktop\\PromptWars2\\src\\components\\SkeletonLoader\\index.ts","statementMap":{},"fnMap":{},"branchMap":{},"s":{},"f":{},"b":{},"meta":{"lastBranch":0,"lastFunction":0,"lastStatement":0,"seen":{}}}
,"C:\\Users\\shagu\\OneDrive\\Desktop\\PromptWars2\\src\\components\\Timeline\\Timeline.tsx": {"path":"C:\\Users\\shagu\\OneDrive\\Desktop\\PromptWars2\\src\\components\\Timeline\\Timeline.tsx","statementMap":{"0":{"start":{"line":25,"column":21},"end":{"line":25,"column":49}},"1":{"start":{"line":26,"column":13},"end":{"line":26,"column":49}},"2":{"start":{"line":27,"column":45},"end":{"line":27,"column":68}},"3":{"start":{"line":30,"column":8},"end":{"line":32,"column":8}},"4":{"start":{"line":31,"column":4},"end":{"line":31,"column":null}},"5":{"start":{"line":35,"column":8},"end":{"line":46,"column":8}},"6":{"start":{"line":36,"column":4},"end":{"line":44,"column":null}},"7":{"start":{"line":37,"column":6},"end":{"line":37,"column":null}},"8":{"start":{"line":38,"column":6},"end":{"line":38,"column":null}},"9":{"start":{"line":39,"column":15},"end":{"line":44,"column":null}},"10":{"start":{"line":40,"column":6},"end":{"line":40,"column":null}},"11":{"start":{"line":41,"column":6},"end":{"line":41,"column":null}},"12":{"start":{"line":41,"column":30},"end":{"line":41,"column":75}},"13":{"start":{"line":42,"column":15},"end":{"line":44,"column":null}},"14":{"start":{"line":43,"column":6},"end":{"line":43,"column":null}},"15":{"start":{"line":44,"column":6},"end":{"line":44,"column":null}},"16":{"start":{"line":44,"column":30},"end":{"line":44,"column":51}},"17":{"start":{"line":49,"column":8},"end":{"line":57,"column":47}},"18":{"start":{"line":50,"column":4},"end":{"line":55,"column":null}},"19":{"start":{"line":51,"column":6},"end":{"line":51,"column":null}},"20":{"start":{"line":53,"column":6},"end":{"line":55,"column":null}},"21":{"start":{"line":54,"column":8},"end":{"line":54,"column":null}},"22":{"start":{"line":60,"column":8},"end":{"line":62,"column":15}},"23":{"start":{"line":61,"column":4},"end":{"line":61,"column":null}},"24":{"start":{"line":64,"column":22},"end":{"line":64,"column":null}},"25":{"start":{"line":66,"column":2},"end":{"line":67,"column":null}},"26":{"start":{"line":67,"column":4},"end":{"line":67,"column":null}},"27":{"start":{"line":70,"column":2},"end":{"line":106,"column":null}},"28":{"start":{"line":80,"column":10},"end":{"line":96,"column":null}},"29":{"start":{"line":85,"column":27},"end":{"line":85,"column":49}},"30":{"start":{"line":86,"column":30},"end":{"line":86,"column":57}},"31":{"start":{"line":123,"column":27},"end":{"line":123,"column":64}},"32":{"start":{"line":134,"column":27},"end":{"line":134,"column":57}},"33":{"start":{"line":145,"column":12},"end":{"line":156,"column":null}},"34":{"start":{"line":165,"column":27},"end":{"line":165,"column":73}},"35":{"start":{"line":165,"column":51},"end":{"line":165,"column":72}},"36":{"start":{"line":177,"column":27},"end":{"line":177,"column":97}},"37":{"start":{"line":177,"column":51},"end":{"line":177,"column":96}}},"fnMap":{"0":{"name":"Timeline","decl":{"start":{"line":24,"column":16},"end":{"line":24,"column":25}},"loc":{"start":{"line":24,"column":66},"end":{"line":106,"column":null}},"line":24},"1":{"name":"(anonymous_1)","decl":{"start":{"line":30,"column":26},"end":{"line":30,"column":39}},"loc":{"start":{"line":30,"column":57},"end":{"line":32,"column":7}},"line":30},"2":{"name":"(anonymous_2)","decl":{"start":{"line":35,"column":28},"end":{"line":35,"column":41}},"loc":{"start":{"line":35,"column":83},"end":{"line":46,"column":7}},"line":35},"3":{"name":"(anonymous_3)","decl":{"start":{"line":41,"column":6},"end":{"line":41,"column":21}},"loc":{"start":{"line":41,"column":30},"end":{"line":41,"column":75}},"line":41},"4":{"name":"(anonymous_4)","decl":{"start":{"line":44,"column":6},"end":{"line":44,"column":21}},"loc":{"start":{"line":44,"column":30},"end":{"line":44,"column":51}},"line":44},"5":{"name":"(anonymous_5)","decl":{"start":{"line":49,"column":35},"end":{"line":49,"column":42}},"loc":{"start":{"line":49,"column":59},"end":{"line":57,"column":6}},"line":49},"6":{"name":"(anonymous_6)","decl":{"start":{"line":60,"column":22},"end":{"line":60,"column":35}},"loc":{"start":{"line":60,"column":57},"end":{"line":62,"column":6}},"line":60},"7":{"name":"(anonymous_7)","decl":{"start":{"line":79,"column":24},"end":{"line":79,"column":29}},"loc":{"start":{"line":80,"column":10},"end":{"line":96,"column":null}},"line":80},"8":{"name":"(anonymous_8)","decl":{"start":{"line":85,"column":12},"end":{"line":85,"column":27}},"loc":{"start":{"line":85,"column":27},"end":{"line":85,"column":49}},"line":85},"9":{"name":"(anonymous_9)","decl":{"start":{"line":86,"column":12},"end":{"line":86,"column":24}},"loc":{"start":{"line":86,"column":30},"end":{"line":86,"column":57}},"line":86},"10":{"name":"(anonymous_10)","decl":{"start":{"line":123,"column":12},"end":{"line":123,"column":27}},"loc":{"start":{"line":123,"column":27},"end":{"line":123,"column":64}},"line":123},"11":{"name":"(anonymous_11)","decl":{"start":{"line":134,"column":12},"end":{"line":134,"column":27}},"loc":{"start":{"line":134,"column":27},"end":{"line":134,"column":57}},"line":134},"12":{"name":"(anonymous_12)","decl":{"start":{"line":144,"column":33},"end":{"line":144,"column":38}},"loc":{"start":{"line":145,"column":12},"end":{"line":156,"column":null}},"line":145},"13":{"name":"(anonymous_13)","decl":{"start":{"line":165,"column":12},"end":{"line":165,"column":27}},"loc":{"start":{"line":165,"column":27},"end":{"line":165,"column":73}},"line":165},"14":{"name":"(anonymous_14)","decl":{"start":{"line":165,"column":27},"end":{"line":165,"column":42}},"loc":{"start":{"line":165,"column":51},"end":{"line":165,"column":72}},"line":165},"15":{"name":"(anonymous_15)","decl":{"start":{"line":177,"column":12},"end":{"line":177,"column":27}},"loc":{"start":{"line":177,"column":27},"end":{"line":177,"column":97}},"line":177},"16":{"name":"(anonymous_16)","decl":{"start":{"line":177,"column":27},"end":{"line":177,"column":42}},"loc":{"start":{"line":177,"column":51},"end":{"line":177,"column":96}},"line":177}},"branchMap":{"0":{"loc":{"start":{"line":36,"column":4},"end":{"line":44,"column":null}},"type":"if","locations":[{"start":{"line":36,"column":4},"end":{"line":44,"column":null}},{"start":{"line":39,"column":15},"end":{"line":44,"column":null}}],"line":36},"1":{"loc":{"start":{"line":36,"column":8},"end":{"line":36,"column":44}},"type":"binary-expr","locations":[{"start":{"line":36,"column":8},"end":{"line":36,"column":29}},{"start":{"line":36,"column":29},"end":{"line":36,"column":44}}],"line":36},"2":{"loc":{"start":{"line":39,"column":15},"end":{"line":44,"column":null}},"type":"if","locations":[{"start":{"line":39,"column":15},"end":{"line":44,"column":null}},{"start":{"line":42,"column":15},"end":{"line":44,"column":null}}],"line":39},"3":{"loc":{"start":{"line":39,"column":15},"end":{"line":39,"column":64}},"type":"binary-expr","locations":[{"start":{"line":39,"column":15},"end":{"line":39,"column":41}},{"start":{"line":39,"column":41},"end":{"line":39,"column":64}}],"line":39},"4":{"loc":{"start":{"line":42,"column":15},"end":{"line":44,"column":null}},"type":"if","locations":[{"start":{"line":42,"column":15},"end":{"line":44,"column":null}},{"start":{},"end":{}}],"line":42},"5":{"loc":{"start":{"line":42,"column":15},"end":{"line":42,"column":61}},"type":"binary-expr","locations":[{"start":{"line":42,"column":15},"end":{"line":42,"column":40}},{"start":{"line":42,"column":40},"end":{"line":42,"column":61}}],"line":42},"6":{"loc":{"start":{"line":50,"column":4},"end":{"line":55,"column":null}},"type":"if","locations":[{"start":{"line":50,"column":4},"end":{"line":55,"column":null}},{"start":{"line":52,"column":11},"end":{"line":55,"column":null}}],"line":50},"7":{"loc":{"start":{"line":66,"column":2},"end":{"line":67,"column":null}},"type":"if","locations":[{"start":{"line":66,"column":2},"end":{"line":67,"column":null}},{"start":{},"end":{}}],"line":66},"8":{"loc":{"start":{"line":84,"column":46},"end":{"line":84,"column":104}},"type":"cond-expr","locations":[{"start":{"line":84,"column":69},"end":{"line":84,"column":101}},{"start":{"line":84,"column":101},"end":{"line":84,"column":104}}],"line":84},"9":{"loc":{"start":{"line":84,"column":107},"end":{"line":84,"column":null}},"type":"cond-expr","locations":[{"start":{"line":84,"column":128},"end":{"line":84,"column":163}},{"start":{"line":84,"column":163},"end":{"line":84,"column":null}}],"line":84},"10":{"loc":{"start":{"line":89,"column":22},"end":{"line":89,"column":null}},"type":"cond-expr","locations":[{"start":{"line":89,"column":45},"end":{"line":89,"column":49}},{"start":{"line":89,"column":49},"end":{"line":89,"column":null}}],"line":89},"11":{"loc":{"start":{"line":124,"column":24},"end":{"line":124,"column":null}},"type":"cond-expr","locations":[{"start":{"line":124,"column":36},"end":{"line":124,"column":55}},{"start":{"line":124,"column":55},"end":{"line":124,"column":null}}],"line":124},"12":{"loc":{"start":{"line":127,"column":38},"end":{"line":127,"column":68}},"type":"cond-expr","locations":[{"start":{"line":127,"column":50},"end":{"line":127,"column":56}},{"start":{"line":127,"column":56},"end":{"line":127,"column":68}}],"line":127},"13":{"loc":{"start":{"line":128,"column":13},"end":{"line":128,"column":54}},"type":"cond-expr","locations":[{"start":{"line":128,"column":25},"end":{"line":128,"column":34}},{"start":{"line":128,"column":34},"end":{"line":128,"column":54}}],"line":128}},"s":{"0":15,"1":15,"2":15,"3":15,"4":1,"5":15,"6":6,"7":2,"8":2,"9":4,"10":2,"11":2,"12":2,"13":2,"14":2,"15":2,"16":2,"17":15,"18":1,"19":0,"20":1,"21":1,"22":15,"23":0,"24":15,"25":15,"26":0,"27":15,"28":90,"29":1,"30":6,"31":1,"32":0,"33":45,"34":1,"35":1,"36":1,"37":1},"f":{"0":15,"1":1,"2":6,"3":2,"4":2,"5":1,"6":0,"7":90,"8":1,"9":6,"10":1,"11":0,"12":45,"13":1,"14":1,"15":1,"16":1},"b":{"0":[2,4],"1":[6,5],"2":[2,2],"3":[4,3],"4":[2,0],"5":[2,1],"6":[0,1],"7":[0,15],"8":[15,75],"9":[9,81],"10":[15,75],"11":[0,15],"12":[0,15],"13":[0,15]},"meta":{"lastBranch":14,"lastFunction":17,"lastStatement":38,"seen":{"f:24:16:24:25":0,"s:25:21:25:49":0,"s:26:13:26:49":1,"s:27:45:27:68":2,"s:30:8:32:8":3,"f:30:26:30:39":1,"s:31:4:31:Infinity":4,"s:35:8:46:8":5,"f:35:28:35:41":2,"b:36:4:44:Infinity:39:15:44:Infinity":0,"s:36:4:44:Infinity":6,"b:36:8:36:29:36:29:36:44":1,"s:37:6:37:Infinity":7,"s:38:6:38:Infinity":8,"b:39:15:44:Infinity:42:15:44:Infinity":2,"s:39:15:44:Infinity":9,"b:39:15:39:41:39:41:39:64":3,"s:40:6:40:Infinity":10,"s:41:6:41:Infinity":11,"f:41:6:41:21":3,"s:41:30:41:75":12,"b:42:15:44:Infinity:undefined:undefined:undefined:undefined":4,"s:42:15:44:Infinity":13,"b:42:15:42:40:42:40:42:61":5,"s:43:6:43:Infinity":14,"s:44:6:44:Infinity":15,"f:44:6:44:21":4,"s:44:30:44:51":16,"s:49:8:57:47":17,"f:49:35:49:42":5,"b:50:4:55:Infinity:52:11:55:Infinity":6,"s:50:4:55:Infinity":18,"s:51:6:51:Infinity":19,"s:53:6:55:Infinity":20,"s:54:8:54:Infinity":21,"s:60:8:62:15":22,"f:60:22:60:35":6,"s:61:4:61:Infinity":23,"s:64:22:64:Infinity":24,"b:66:2:67:Infinity:undefined:undefined:undefined:undefined":7,"s:66:2:67:Infinity":25,"s:67:4:67:Infinity":26,"s:70:2:106:Infinity":27,"f:79:24:79:29":7,"s:80:10:96:Infinity":28,"b:84:69:84:101:84:101:84:104":8,"b:84:128:84:163:84:163:84:Infinity":9,"f:85:12:85:27":8,"s:85:27:85:49":29,"f:86:12:86:24":9,"s:86:30:86:57":30,"b:89:45:89:49:89:49:89:Infinity":10,"f:123:12:123:27":10,"s:123:27:123:64":31,"b:124:36:124:55:124:55:124:Infinity":11,"b:127:50:127:56:127:56:127:68":12,"b:128:25:128:34:128:34:128:54":13,"f:134:12:134:27":11,"s:134:27:134:57":32,"f:144:33:144:38":12,"s:145:12:156:Infinity":33,"f:165:12:165:27":13,"s:165:27:165:73":34,"f:165:27:165:42":14,"s:165:51:165:72":35,"f:177:12:177:27":15,"s:177:27:177:97":36,"f:177:27:177:42":16,"s:177:51:177:96":37}}}
,"C:\\Users\\shagu\\OneDrive\\Desktop\\PromptWars2\\src\\components\\Timeline\\index.ts": {"path":"C:\\Users\\shagu\\OneDrive\\Desktop\\PromptWars2\\src\\components\\Timeline\\index.ts","statementMap":{},"fnMap":{},"branchMap":{},"s":{},"f":{},"b":{},"meta":{"lastBranch":0,"lastFunction":0,"lastStatement":0,"seen":{}}}
,"C:\\Users\\shagu\\OneDrive\\Desktop\\PromptWars2\\src\\components\\VideoHub\\VideoHub.tsx": {"path":"C:\\Users\\shagu\\OneDrive\\Desktop\\PromptWars2\\src\\components\\VideoHub\\VideoHub.tsx","statementMap":{"0":{"start":{"line":17,"column":78},"end":{"line":17,"column":106}},"1":{"start":{"line":18,"column":10},"end":{"line":18,"column":32}},"2":{"start":{"line":19,"column":21},"end":{"line":19,"column":40}},"3":{"start":{"line":22,"column":2},"end":{"line":31,"column":null}},"4":{"start":{"line":23,"column":4},"end":{"line":29,"column":null}},"5":{"start":{"line":24,"column":22},"end":{"line":27,"column":null}},"6":{"start":{"line":25,"column":8},"end":{"line":27,"column":null}},"7":{"start":{"line":26,"column":10},"end":{"line":26,"column":null}},"8":{"start":{"line":29,"column":6},"end":{"line":29,"column":null}},"9":{"start":{"line":34,"column":8},"end":{"line":36,"column":36}},"10":{"start":{"line":35,"column":4},"end":{"line":35,"column":null}},"11":{"start":{"line":39,"column":8},"end":{"line":44,"column":24}},"12":{"start":{"line":40,"column":4},"end":{"line":42,"column":null}},"13":{"start":{"line":41,"column":6},"end":{"line":41,"column":null}},"14":{"start":{"line":42,"column":6},"end":{"line":42,"column":null}},"15":{"start":{"line":46,"column":2},"end":{"line":109,"column":null}},"16":{"start":{"line":59,"column":12},"end":{"line":59,"column":null}},"17":{"start":{"line":67,"column":12},"end":{"line":107,"column":null}},"18":{"start":{"line":84,"column":33},"end":{"line":84,"column":64}},"19":{"start":{"line":85,"column":36},"end":{"line":85,"column":72}}},"fnMap":{"0":{"name":"VideoHub","decl":{"start":{"line":16,"column":16},"end":{"line":16,"column":40}},"loc":{"start":{"line":16,"column":40},"end":{"line":109,"column":null}},"line":16},"1":{"name":"(anonymous_1)","decl":{"start":{"line":22,"column":2},"end":{"line":22,"column":18}},"loc":{"start":{"line":22,"column":18},"end":{"line":31,"column":6}},"line":22},"2":{"name":"(anonymous_2)","decl":{"start":{"line":24,"column":22},"end":{"line":24,"column":34}},"loc":{"start":{"line":24,"column":34},"end":{"line":27,"column":null}},"line":24},"3":{"name":"(anonymous_3)","decl":{"start":{"line":34,"column":27},"end":{"line":34,"column":40}},"loc":{"start":{"line":34,"column":60},"end":{"line":36,"column":6}},"line":34},"4":{"name":"(anonymous_4)","decl":{"start":{"line":39,"column":29},"end":{"line":39,"column":42}},"loc":{"start":{"line":39,"column":86},"end":{"line":44,"column":6}},"line":39},"5":{"name":"(anonymous_5)","decl":{"start":{"line":58,"column":35},"end":{"line":58,"column":38}},"loc":{"start":{"line":59,"column":12},"end":{"line":59,"column":null}},"line":59},"6":{"name":"(anonymous_6)","decl":{"start":{"line":66,"column":18},"end":{"line":66,"column":23}},"loc":{"start":{"line":67,"column":12},"end":{"line":107,"column":null}},"line":67},"7":{"name":"(anonymous_7)","decl":{"start":{"line":84,"column":18},"end":{"line":84,"column":33}},"loc":{"start":{"line":84,"column":33},"end":{"line":84,"column":64}},"line":84},"8":{"name":"(anonymous_8)","decl":{"start":{"line":85,"column":18},"end":{"line":85,"column":30}},"loc":{"start":{"line":85,"column":36},"end":{"line":85,"column":72}},"line":85}},"branchMap":{"0":{"loc":{"start":{"line":23,"column":4},"end":{"line":29,"column":null}},"type":"if","locations":[{"start":{"line":23,"column":4},"end":{"line":29,"column":null}},{"start":{},"end":{}}],"line":23},"1":{"loc":{"start":{"line":35,"column":16},"end":{"line":35,"column":61}},"type":"cond-expr","locations":[{"start":{"line":35,"column":46},"end":{"line":35,"column":53}},{"start":{"line":35,"column":53},"end":{"line":35,"column":61}}],"line":35},"2":{"loc":{"start":{"line":40,"column":4},"end":{"line":42,"column":null}},"type":"if","locations":[{"start":{"line":40,"column":4},"end":{"line":42,"column":null}},{"start":{},"end":{}}],"line":40},"3":{"loc":{"start":{"line":40,"column":8},"end":{"line":40,"column":44}},"type":"binary-expr","locations":[{"start":{"line":40,"column":8},"end":{"line":40,"column":29}},{"start":{"line":40,"column":29},"end":{"line":40,"column":44}}],"line":40},"4":{"loc":{"start":{"line":51,"column":9},"end":{"line":51,"column":null}},"type":"binary-expr","locations":[{"start":{"line":51,"column":9},"end":{"line":51,"column":23}},{"start":{"line":51,"column":23},"end":{"line":51,"column":null}}],"line":51},"5":{"loc":{"start":{"line":54,"column":7},"end":{"line":54,"column":null}},"type":"binary-expr","locations":[{"start":{"line":54,"column":7},"end":{"line":54,"column":16}},{"start":{"line":54,"column":16},"end":{"line":54,"column":null}}],"line":54},"6":{"loc":{"start":{"line":56,"column":7},"end":{"line":61,"column":null}},"type":"binary-expr","locations":[{"start":{"line":56,"column":7},"end":{"line":56,"column":null}},{"start":{"line":57,"column":8},"end":{"line":61,"column":null}}],"line":56},"7":{"loc":{"start":{"line":64,"column":7},"end":{"line":109,"column":null}},"type":"binary-expr","locations":[{"start":{"line":64,"column":7},"end":{"line":64,"column":21}},{"start":{"line":64,"column":21},"end":{"line":64,"column":null}},{"start":{"line":65,"column":8},"end":{"line":109,"column":null}}],"line":64},"8":{"loc":{"start":{"line":68,"column":15},"end":{"line":100,"column":15}},"type":"cond-expr","locations":[{"start":{"line":69,"column":16},"end":{"line":80,"column":17}},{"start":{"line":80,"column":16},"end":{"line":100,"column":15}}],"line":68}},"s":{"0":4,"1":4,"2":4,"3":4,"4":4,"5":4,"6":4,"7":4,"8":4,"9":4,"10":0,"11":4,"12":0,"13":0,"14":0,"15":4,"16":3,"17":1,"18":0,"19":0},"f":{"0":4,"1":4,"2":4,"3":0,"4":0,"5":3,"6":1,"7":0,"8":0},"b":{"0":[4,0],"1":[0,0],"2":[0,0],"3":[0,0],"4":[4,3],"5":[4,1],"6":[4,1],"7":[4,3,1],"8":[0,1]},"meta":{"lastBranch":9,"lastFunction":9,"lastStatement":20,"seen":{"f:16:16:16:40":0,"s:17:78:17:106":0,"s:18:10:18:32":1,"s:19:21:19:40":2,"s:22:2:31:Infinity":3,"f:22:2:22:18":1,"b:23:4:29:Infinity:undefined:undefined:undefined:undefined":0,"s:23:4:29:Infinity":4,"s:24:22:27:Infinity":5,"f:24:22:24:34":2,"s:25:8:27:Infinity":6,"s:26:10:26:Infinity":7,"s:29:6:29:Infinity":8,"s:34:8:36:36":9,"f:34:27:34:40":3,"s:35:4:35:Infinity":10,"b:35:46:35:53:35:53:35:61":1,"s:39:8:44:24":11,"f:39:29:39:42":4,"b:40:4:42:Infinity:undefined:undefined:undefined:undefined":2,"s:40:4:42:Infinity":12,"b:40:8:40:29:40:29:40:44":3,"s:41:6:41:Infinity":13,"s:42:6:42:Infinity":14,"s:46:2:109:Infinity":15,"b:51:9:51:23:51:23:51:Infinity":4,"b:54:7:54:16:54:16:54:Infinity":5,"b:56:7:56:Infinity:57:8:61:Infinity":6,"f:58:35:58:38":5,"s:59:12:59:Infinity":16,"b:64:7:64:21:64:21:64:Infinity:65:8:109:Infinity":7,"f:66:18:66:23":6,"s:67:12:107:Infinity":17,"b:69:16:80:17:80:16:100:15":8,"f:84:18:84:33":7,"s:84:33:84:64":18,"f:85:18:85:30":8,"s:85:36:85:72":19}}}
,"C:\\Users\\shagu\\OneDrive\\Desktop\\PromptWars2\\src\\components\\VideoHub\\index.ts": {"path":"C:\\Users\\shagu\\OneDrive\\Desktop\\PromptWars2\\src\\components\\VideoHub\\index.ts","statementMap":{},"fnMap":{},"branchMap":{},"s":{},"f":{},"b":{},"meta":{"lastBranch":0,"lastFunction":0,"lastStatement":0,"seen":{}}}
,"C:\\Users\\shagu\\OneDrive\\Desktop\\PromptWars2\\src\\constants\\index.ts": {"path":"C:\\Users\\shagu\\OneDrive\\Desktop\\PromptWars2\\src\\constants\\index.ts","statementMap":{"0":{"start":{"line":9,"column":24},"end":{"line":9,"column":null}},"1":{"start":{"line":12,"column":27},"end":{"line":12,"column":null}},"2":{"start":{"line":15,"column":28},"end":{"line":15,"column":null}},"3":{"start":{"line":18,"column":33},"end":{"line":18,"column":null}},"4":{"start":{"line":21,"column":32},"end":{"line":21,"column":null}},"5":{"start":{"line":24,"column":31},"end":{"line":24,"column":null}},"6":{"start":{"line":27,"column":33},"end":{"line":27,"column":null}},"7":{"start":{"line":30,"column":31},"end":{"line":30,"column":null}},"8":{"start":{"line":33,"column":34},"end":{"line":33,"column":null}},"9":{"start":{"line":36,"column":37},"end":{"line":36,"column":null}},"10":{"start":{"line":39,"column":28},"end":{"line":39,"column":null}},"11":{"start":{"line":42,"column":39},"end":{"line":42,"column":null}},"12":{"start":{"line":45,"column":37},"end":{"line":45,"column":null}},"13":{"start":{"line":48,"column":24},"end":{"line":51,"column":null}},"14":{"start":{"line":54,"column":50},"end":{"line":58,"column":null}},"15":{"start":{"line":61,"column":22},"end":{"line":69,"column":null}},"16":{"start":{"line":72,"column":41},"end":{"line":72,"column":null}},"17":{"start":{"line":75,"column":54},"end":{"line":80,"column":null}},"18":{"start":{"line":83,"column":31},"end":{"line":83,"column":null}},"19":{"start":{"line":86,"column":32},"end":{"line":86,"column":null}},"20":{"start":{"line":89,"column":56},"end":{"line":98,"column":null}},"21":{"start":{"line":101,"column":46},"end":{"line":101,"column":null}},"22":{"start":{"line":104,"column":36},"end":{"line":104,"column":null}},"23":{"start":{"line":107,"column":35},"end":{"line":107,"column":null}},"24":{"start":{"line":110,"column":29},"end":{"line":117,"column":null}},"25":{"start":{"line":120,"column":55},"end":{"line":289,"column":null}},"26":{"start":{"line":292,"column":29},"end":{"line":299,"column":null}},"27":{"start":{"line":302,"column":35},"end":{"line":302,"column":null}},"28":{"start":{"line":305,"column":47},"end":{"line":341,"column":null}},"29":{"start":{"line":344,"column":62},"end":{"line":353,"column":null}}},"fnMap":{},"branchMap":{},"s":{"0":4,"1":4,"2":4,"3":4,"4":4,"5":4,"6":4,"7":4,"8":4,"9":4,"10":4,"11":4,"12":4,"13":4,"14":4,"15":4,"16":4,"17":4,"18":4,"19":4,"20":4,"21":4,"22":4,"23":4,"24":4,"25":4,"26":4,"27":4,"28":4,"29":4},"f":{},"b":{},"meta":{"lastBranch":0,"lastFunction":0,"lastStatement":30,"seen":{"s:9:24:9:Infinity":0,"s:12:27:12:Infinity":1,"s:15:28:15:Infinity":2,"s:18:33:18:Infinity":3,"s:21:32:21:Infinity":4,"s:24:31:24:Infinity":5,"s:27:33:27:Infinity":6,"s:30:31:30:Infinity":7,"s:33:34:33:Infinity":8,"s:36:37:36:Infinity":9,"s:39:28:39:Infinity":10,"s:42:39:42:Infinity":11,"s:45:37:45:Infinity":12,"s:48:24:51:Infinity":13,"s:54:50:58:Infinity":14,"s:61:22:69:Infinity":15,"s:72:41:72:Infinity":16,"s:75:54:80:Infinity":17,"s:83:31:83:Infinity":18,"s:86:32:86:Infinity":19,"s:89:56:98:Infinity":20,"s:101:46:101:Infinity":21,"s:104:36:104:Infinity":22,"s:107:35:107:Infinity":23,"s:110:29:117:Infinity":24,"s:120:55:289:Infinity":25,"s:292:29:299:Infinity":26,"s:302:35:302:Infinity":27,"s:305:47:341:Infinity":28,"s:344:62:353:Infinity":29}}}
,"C:\\Users\\shagu\\OneDrive\\Desktop\\PromptWars2\\src\\contexts\\TranslationContext.tsx": {"path":"C:\\Users\\shagu\\OneDrive\\Desktop\\PromptWars2\\src\\contexts\\TranslationContext.tsx","statementMap":{"0":{"start":{"line":10,"column":6},"end":{"line":10,"column":73}},"1":{"start":{"line":23,"column":8},"end":{"line":23,"column":41}},"2":{"start":{"line":25,"column":2},"end":{"line":28,"column":null}},"3":{"start":{"line":40,"column":8},"end":{"line":40,"column":48}},"4":{"start":{"line":41,"column":2},"end":{"line":42,"column":null}},"5":{"start":{"line":42,"column":4},"end":{"line":42,"column":null}},"6":{"start":{"line":44,"column":2},"end":{"line":44,"column":null}}},"fnMap":{"0":{"name":"TranslationProvider","decl":{"start":{"line":22,"column":16},"end":{"line":22,"column":36}},"loc":{"start":{"line":22,"column":89},"end":{"line":28,"column":null}},"line":22},"1":{"name":"useTranslation","decl":{"start":{"line":39,"column":16},"end":{"line":39,"column":53}},"loc":{"start":{"line":39,"column":53},"end":{"line":44,"column":null}},"line":39}},"branchMap":{"0":{"loc":{"start":{"line":41,"column":2},"end":{"line":42,"column":null}},"type":"if","locations":[{"start":{"line":41,"column":2},"end":{"line":42,"column":null}},{"start":{},"end":{}}],"line":41}},"s":{"0":2,"1":17,"2":17,"3":61,"4":61,"5":0,"6":61},"f":{"0":17,"1":61},"b":{"0":[0,61]},"meta":{"lastBranch":1,"lastFunction":2,"lastStatement":7,"seen":{"s:10:6:10:73":0,"f:22:16:22:36":0,"s:23:8:23:41":1,"s:25:2:28:Infinity":2,"f:39:16:39:53":1,"s:40:8:40:48":3,"b:41:2:42:Infinity:undefined:undefined:undefined:undefined":0,"s:41:2:42:Infinity":4,"s:42:4:42:Infinity":5,"s:44:2:44:Infinity":6}}}
,"C:\\Users\\shagu\\OneDrive\\Desktop\\PromptWars2\\src\\hooks\\useGemini.ts": {"path":"C:\\Users\\shagu\\OneDrive\\Desktop\\PromptWars2\\src\\hooks\\useGemini.ts","statementMap":{"0":{"start":{"line":33,"column":19},"end":{"line":33,"column":81}},"1":{"start":{"line":34,"column":20},"end":{"line":34,"column":51}},"2":{"start":{"line":35,"column":16},"end":{"line":35,"column":57}},"3":{"start":{"line":36,"column":21},"end":{"line":36,"column":53}},"4":{"start":{"line":37,"column":25},"end":{"line":37,"column":94}},"5":{"start":{"line":39,"column":17},"end":{"line":39,"column":null}},"6":{"start":{"line":40,"column":8},"end":{"line":40,"column":116}},"7":{"start":{"line":41,"column":8},"end":{"line":41,"column":92}},"8":{"start":{"line":44,"column":8},"end":{"line":69,"column":24}},"9":{"start":{"line":45,"column":4},"end":{"line":47,"column":null}},"10":{"start":{"line":46,"column":6},"end":{"line":46,"column":null}},"11":{"start":{"line":47,"column":6},"end":{"line":47,"column":null}},"12":{"start":{"line":49,"column":4},"end":{"line":67,"column":null}},"13":{"start":{"line":50,"column":20},"end":{"line":50,"column":50}},"14":{"start":{"line":51,"column":6},"end":{"line":55,"column":null}},"15":{"start":{"line":57,"column":22},"end":{"line":60,"column":69}},"16":{"start":{"line":58,"column":23},"end":{"line":58,"column":41}},"17":{"start":{"line":60,"column":21},"end":{"line":60,"column":69}},"18":{"start":{"line":62,"column":6},"end":{"line":62,"column":null}},"19":{"start":{"line":63,"column":6},"end":{"line":63,"column":null}},"20":{"start":{"line":65,"column":6},"end":{"line":65,"column":null}},"21":{"start":{"line":66,"column":6},"end":{"line":66,"column":null}},"22":{"start":{"line":67,"column":6},"end":{"line":67,"column":null}},"23":{"start":{"line":72,"column":8},"end":{"line":93,"column":8}},"24":{"start":{"line":73,"column":4},"end":{"line":77,"column":null}},"25":{"start":{"line":74,"column":21},"end":{"line":74,"column":50}},"26":{"start":{"line":74,"column":38},"end":{"line":74,"column":50}},"27":{"start":{"line":75,"column":6},"end":{"line":75,"column":null}},"28":{"start":{"line":75,"column":18},"end":{"line":75,"column":null}},"29":{"start":{"line":76,"column":6},"end":{"line":76,"column":null}},"30":{"start":{"line":79,"column":18},"end":{"line":79,"column":33}},"31":{"start":{"line":80,"column":22},"end":{"line":80,"column":null}},"32":{"start":{"line":81,"column":4},"end":{"line":87,"column":null}},"33":{"start":{"line":82,"column":6},"end":{"line":82,"column":null}},"34":{"start":{"line":83,"column":23},"end":{"line":83,"column":null}},"35":{"start":{"line":84,"column":6},"end":{"line":86,"column":null}},"36":{"start":{"line":85,"column":8},"end":{"line":85,"column":69}},"37":{"start":{"line":85,"column":24},"end":{"line":85,"column":69}},"38":{"start":{"line":87,"column":6},"end":{"line":87,"column":null}},"39":{"start":{"line":87,"column":37},"end":{"line":87,"column":60}},"40":{"start":{"line":90,"column":4},"end":{"line":92,"column":null}},"41":{"start":{"line":91,"column":6},"end":{"line":91,"column":83}},"42":{"start":{"line":91,"column":22},"end":{"line":91,"column":83}},"43":{"start":{"line":96,"column":8},"end":{"line":166,"column":51}},"44":{"start":{"line":97,"column":10},"end":{"line":97,"column":51}},"45":{"start":{"line":98,"column":4},"end":{"line":100,"column":null}},"46":{"start":{"line":99,"column":6},"end":{"line":99,"column":null}},"47":{"start":{"line":100,"column":6},"end":{"line":100,"column":null}},"48":{"start":{"line":103,"column":31},"end":{"line":103,"column":77}},"49":{"start":{"line":104,"column":4},"end":{"line":104,"column":null}},"50":{"start":{"line":105,"column":4},"end":{"line":107,"column":null}},"51":{"start":{"line":106,"column":6},"end":{"line":106,"column":null}},"52":{"start":{"line":107,"column":6},"end":{"line":107,"column":null}},"53":{"start":{"line":109,"column":4},"end":{"line":110,"column":null}},"54":{"start":{"line":110,"column":6},"end":{"line":110,"column":null}},"55":{"start":{"line":113,"column":10},"end":{"line":113,"column":44}},"56":{"start":{"line":114,"column":37},"end":{"line":119,"column":null}},"57":{"start":{"line":121,"column":4},"end":{"line":121,"column":null}},"58":{"start":{"line":121,"column":26},"end":{"line":121,"column":48}},"59":{"start":{"line":122,"column":4},"end":{"line":122,"column":null}},"60":{"start":{"line":123,"column":4},"end":{"
[...]
,"C:\\Users\\shagu\\OneDrive\\Desktop\\PromptWars2\\src\\types\\index.ts": {"path":"C:\\Users\\shagu\\OneDrive\\Desktop\\PromptWars2\\src\\types\\index.ts","statementMap":{},"fnMap":{},"branchMap":{},"s":{},"f":{},"b":{},"meta":{"lastBranch":0,"lastFunction":0,"lastStatement":0,"seen":{}}}
,"C:\\Users\\shagu\\OneDrive\\Desktop\\PromptWars2\\src\\utils\\cache.ts": {"path":"C:\\Users\\shagu\\OneDrive\\Desktop\\PromptWars2\\src\\utils\\cache.ts","statementMap":{"0":{"start":{"line":16,"column":2},"end":{"line":20,"column":null}},"1":{"start":{"line":17,"column":33},"end":{"line":17,"column":null}},"2":{"start":{"line":18,"column":4},"end":{"line":18,"column":null}},"3":{"start":{"line":20,"column":4},"end":{"line":20,"column":null}},"4":{"start":{"line":30,"column":2},"end":{"line":41,"column":null}},"5":{"start":{"line":31,"column":16},"end":{"line":31,"column":43}},"6":{"start":{"line":32,"column":4},"end":{"line":32,"column":null}},"7":{"start":{"line":32,"column":14},"end":{"line":32,"column":null}},"8":{"start":{"line":33,"column":18},"end":{"line":33,"column":33}},"9":{"start":{"line":34,"column":4},"end":{"line":36,"column":null}},"10":{"start":{"line":35,"column":6},"end":{"line":35,"column":null}},"11":{"start":{"line":36,"column":6},"end":{"line":36,"column":null}},"12":{"start":{"line":38,"column":4},"end":{"line":38,"column":null}},"13":{"start":{"line":40,"column":4},"end":{"line":40,"column":null}},"14":{"start":{"line":41,"column":4},"end":{"line":41,"column":null}},"15":{"start":{"line":50,"column":2},"end":{"line":53,"column":null}},"16":{"start":{"line":51,"column":4},"end":{"line":51,"column":null}},"17":{"start":{"line":53,"column":4},"end":{"line":53,"column":null}}},"fnMap":{"0":{"name":"cacheSet","decl":{"start":{"line":15,"column":16},"end":{"line":15,"column":28}},"loc":{"start":{"line":15,"column":84},"end":{"line":20,"column":null}},"line":15},"1":{"name":"cacheGet","decl":{"start":{"line":29,"column":16},"end":{"line":29,"column":28}},"loc":{"start":{"line":29,"column":51},"end":{"line":41,"column":null}},"line":29},"2":{"name":"cacheRemove","decl":{"start":{"line":49,"column":16},"end":{"line":49,"column":28}},"loc":{"start":{"line":49,"column":47},"end":{"line":53,"column":null}},"line":49}},"branchMap":{"0":{"loc":{"start":{"line":15,"column":50},"end":{"line":15,"column":84}},"type":"default-arg","locations":[{"start":{"line":15,"column":64},"end":{"line":15,"column":84}}],"line":15},"1":{"loc":{"start":{"line":32,"column":4},"end":{"line":32,"column":null}},"type":"if","locations":[{"start":{"line":32,"column":4},"end":{"line":32,"column":null}},{"start":{},"end":{}}],"line":32},"2":{"loc":{"start":{"line":34,"column":4},"end":{"line":36,"column":null}},"type":"if","locations":[{"start":{"line":34,"column":4},"end":{"line":36,"column":null}},{"start":{},"end":{}}],"line":34}},"s":{"0":5,"1":5,"2":5,"3":0,"4":9,"5":9,"6":9,"7":7,"8":2,"9":2,"10":0,"11":0,"12":2,"13":0,"14":0,"15":1,"16":1,"17":0},"f":{"0":5,"1":9,"2":1},"b":{"0":[5],"1":[7,2],"2":[0,2]},"meta":{"lastBranch":3,"lastFunction":3,"lastStatement":18,"seen":{"f:15:16:15:28":0,"b:15:64:15:84":0,"s:16:2:20:Infinity":0,"s:17:33:17:Infinity":1,"s:18:4:18:Infinity":2,"s:20:4:20:Infinity":3,"f:29:16:29:28":1,"s:30:2:41:Infinity":4,"s:31:16:31:43":5,"b:32:4:32:Infinity:undefined:undefined:undefined:undefined":1,"s:32:4:32:Infinity":6,"s:32:14:32:Infinity":7,"s:33:18:33:33":8,"b:34:4:36:Infinity:undefined:undefined:undefined:undefined":2,"s:34:4:36:Infinity":9,"s:35:6:35:Infinity":10,"s:36:6:36:Infinity":11,"s:38:4:38:Infinity":12,"s:40:4:40:Infinity":13,"s:41:4:41:Infinity":14,"f:49:16:49:28":2,"s:50:2:53:Infinity":15,"s:51:4:51:Infinity":16,"s:53:4:53:Infinity":17}}}
,"C:\\Users\\shagu\\OneDrive\\Desktop\\PromptWars2\\src\\utils\\logger.ts": {"path":"C:\\Users\\shagu\\OneDrive\\Desktop\\PromptWars2\\src\\utils\\logger.ts","statementMap":{"0":{"start":{"line":8,"column":15},"end":{"line":8,"column":null}},"1":{"start":{"line":16,"column":2},"end":{"line":18,"column":null}},"2":{"start":{"line":18,"column":4},"end":{"line":18,"column":null}},"3":{"start":{"line":28,"column":2},"end":{"line":30,"column":null}},"4":{"start":{"line":30,"column":4},"end":{"line":30,"column":null}},"5":{"start":{"line":40,"column":2},"end":{"line":42,"column":null}},"6":{"start":{"line":42,"column":4},"end":{"line":42,"column":null}},"7":{"start":{"line":52,"column":2},"end":{"line":54,"column":null}},"8":{"start":{"line":54,"column":4},"end":{"line":54,"column":null}},"9":{"start":{"line":59,"column":22},"end":{"line":59,"column":null}}},"fnMap":{"0":{"name":"info","decl":{"start":{"line":15,"column":9},"end":{"line":15,"column":14}},"loc":{"start":{"line":15,"column":57},"end":{"line":18,"column":null}},"line":15},"1":{"name":"warn","decl":{"start":{"line":27,"column":9},"end":{"line":27,"column":14}},"loc":{"start":{"line":27,"column":57},"end":{"line":30,"column":null}},"line":27},"2":{"name":"error","decl":{"start":{"line":39,"column":9},"end":{"line":39,"column":15}},"loc":{"start":{"line":39,"column":58},"end":{"line":42,"column":null}},"line":39},"3":{"name":"debug","decl":{"start":{"line":51,"column":9},"end":{"line":51,"column":15}},"loc":{"start":{"line":51,"column":58},"end":{"line":54,"column":null}},"line":51}},"branchMap":{"0":{"loc":{"start":{"line":16,"column":2},"end":{"line":18,"column":null}},"type":"if","locations":[{"start":{"line":16,"column":2},"end":{"line":18,"column":null}},{"start":{},"end":{}}],"line":16},"1":{"loc":{"start":{"line":28,"column":2},"end":{"line":30,"column":null}},"type":"if","locations":[{"start":{"line":28,"column":2},"end":{"line":30,"column":null}},{"start":{},"end":{}}],"line":28},"2":{"loc":{"start":{"line":40,"column":2},"end":{"line":42,"column":null}},"type":"if","locations":[{"start":{"line":40,"column":2},"end":{"line":42,"column":null}},{"start":{},"end":{}}],"line":40},"3":{"loc":{"start":{"line":52,"column":2},"end":{"line":54,"column":null}},"type":"if","locations":[{"start":{"line":52,"column":2},"end":{"line":54,"column":null}},{"start":{},"end":{}}],"line":52}},"s":{"0":4,"1":1,"2":1,"3":1,"4":1,"5":3,"6":3,"7":1,"8":1,"9":4},"f":{"0":1,"1":1,"2":3,"3":1},"b":{"0":[1,0],"1":[1,0],"2":[3,0],"3":[1,0]},"meta":{"lastBranch":4,"lastFunction":4,"lastStatement":10,"seen":{"s:8:15:8:Infinity":0,"f:15:9:15:14":0,"b:16:2:18:Infinity:undefined:undefined:undefined:undefined":0,"s:16:2:18:Infinity":1,"s:18:4:18:Infinity":2,"f:27:9:27:14":1,"b:28:2:30:Infinity:undefined:undefined:undefined:undefined":1,"s:28:2:30:Infinity":3,"s:30:4:30:Infinity":4,"f:39:9:39:15":2,"b:40:2:42:Infinity:undefined:undefined:undefined:undefined":2,"s:40:2:42:Infinity":5,"s:42:4:42:Infinity":6,"f:51:9:51:15":3,"b:52:2:54:Infinity:undefined:undefined:undefined:undefined":3,"s:52:2:54:Infinity":7,"s:54:4:54:Infinity":8,"s:59:22:59:Infinity":9}}}
,"C:\\Users\\shagu\\OneDrive\\Desktop\\PromptWars2\\src\\utils\\mockData.ts": {"path":"C:\\Users\\shagu\\OneDrive\\Desktop\\PromptWars2\\src\\utils\\mockData.ts","statementMap":{"0":{"start":{"line":9,"column":61},"end":{"line":15,"column":null}},"1":{"start":{"line":23,"column":16},"end":{"line":23,"column":37}},"2":{"start":{"line":24,"column":2},"end":{"line":24,"column":null}},"3":{"start":{"line":24,"column":60},"end":{"line":24,"column":null}},"4":{"start":{"line":25,"column":2},"end":{"line":25,"column":null}},"5":{"start":{"line":25,"column":30},"end":{"line":25,"column":null}},"6":{"start":{"line":26,"column":2},"end":{"line":26,"column":null}},"7":{"start":{"line":26,"column":58},"end":{"line":26,"column":null}},"8":{"start":{"line":27,"column":2},"end":{"line":27,"column":null}},"9":{"start":{"line":27,"column":59},"end":{"line":27,"column":null}},"10":{"start":{"line":28,"column":2},"end":{"line":28,"column":null}},"11":{"start":{"line":32,"column":54},"end":{"line":36,"column":null}},"12":{"start":{"line":39,"column":54},"end":{"line":46,"column":null}},"13":{"start":{"line":49,"column":51},"end":{"line":74,"column":null}},"14":{"start":{"line":78,"column":2},"end":{"line":78,"column":null}},"15":{"start":{"line":83,"column":18},"end":{"line":90,"column":4}},"16":{"start":{"line":91,"column":15},"end":{"line":91,"column":57}},"17":{"start":{"line":92,"column":2},"end":{"line":92,"column":null}},"18":{"start":{"line":96,"column":49},"end":{"line":102,"column":null}}},"fnMap":{"0":{"name":"getMockGeminiResponse","decl":{"start":{"line":22,"column":16},"end":{"line":22,"column":38}},"loc":{"start":{"line":22,"column":63},"end":{"line":28,"column":null}},"line":22},"1":{"name":"getMockTranslation","decl":{"start":{"line":77,"column":16},"end":{"line":77,"column":35}},"loc":{"start":{"line":77,"column":57},"end":{"line":78,"column":null}},"line":77},"2":{"name":"getMockTTSAudio","decl":{"start":{"line":82,"column":16},"end":{"line":82,"column":42}},"loc":{"start":{"line":82,"column":42},"end":{"line":92,"column":null}},"line":82}},"branchMap":{"0":{"loc":{"start":{"line":24,"column":2},"end":{"line":24,"column":null}},"type":"if","locations":[{"start":{"line":24,"column":2},"end":{"line":24,"column":null}},{"start":{},"end":{}}],"line":24},"1":{"loc":{"start":{"line":24,"column":6},"end":{"line":24,"column":58}},"type":"binary-expr","locations":[{"start":{"line":24,"column":6},"end":{"line":24,"column":28}},{"start":{"line":24,"column":32},"end":{"line":24,"column":58}}],"line":24},"2":{"loc":{"start":{"line":25,"column":2},"end":{"line":25,"column":null}},"type":"if","locations":[{"start":{"line":25,"column":2},"end":{"line":25,"column":null}},{"start":{},"end":{}}],"line":25},"3":{"loc":{"start":{"line":26,"column":2},"end":{"line":26,"column":null}},"type":"if","locations":[{"start":{"line":26,"column":2},"end":{"line":26,"column":null}},{"start":{},"end":{}}],"line":26},"4":{"loc":{"start":{"line":26,"column":6},"end":{"line":26,"column":56}},"type":"binary-expr","locations":[{"start":{"line":26,"column":6},"end":{"line":26,"column":29}},{"start":{"line":26,"column":33},"end":{"line":26,"column":56}}],"line":26},"5":{"loc":{"start":{"line":27,"column":2},"end":{"line":27,"column":null}},"type":"if","locations":[{"start":{"line":27,"column":2},"end":{"line":27,"column":null}},{"start":{},"end":{}}],"line":27},"6":{"loc":{"start":{"line":27,"column":6},"end":{"line":27,"column":57}},"type":"binary-expr","locations":[{"start":{"line":27,"column":6},"end":{"line":27,"column":27}},{"start":{"line":27,"column":31},"end":{"line":27,"column":57}}],"line":27}},"s":{"0":3,"1":6,"2":6,"3":1,"4":5,"5":5,"6":4,"7":1,"8":3,"9":1,"10":2,"11":3,"12":3,"13":3,"14":1,"15":2,"16":2,"17":2,"18":3},"f":{"0":6,"1":1,"2":2},"b":{"0":[1,5],"1":[6,5],"2":[1,4],"3":[1,3],"4":[4,3],"5":[1,2],"6":[3,2]},"meta":{"lastBranch":7,"lastFunction":3,"lastStatement":19,"seen":{"s:9:61:15:Infinity":0,"f:22:16:22:38":0,"s:23:16:23:37":1,"b:24:2:24:Infinity:undefined:undefined:undefined:undefined":0,"s:24:2:24:Infinity":2,"b:24:6:24:28:24:32:24:58":1,"s:24:60:24:Infinity":3,"b:25:2:25:Infinity:undefined:undefined:undefined:undefined":2,"s:25:2:25:Infinity":4,"s:25:30:25:Infinity":5,"b:26:2:26:Infinity:undefined:undefined:undefined:undefined":3,"s:26:2:26:Infinity":6,"b:26:6:26:29:26:33:26:56":4,"s:26:58:26:Infinity":7,"b:27:2:27:Infinity:undefined:undefined:undefined:undefined":5,"s:27:2:27:Infinity":8,"b:27:6:27:27:27:31:27:57":6,"s:27:59:27:Infinity":9,"s:28:2:28:Infinity":10,"s:32:54:36:Infinity":11,"s:39:54:46:Infinity":12,"s:49:51:74:Infinity":13,"f:77:16:77:35":1,"s:78:2:78:Infinity":14,"f:82:16:82:42":2,"s:83:18:90:4":15,"s:91:15:91:57":16,"s:92:2:92:Infinity":17,"s:96:49:102:Infinity":18}}}
,"C:\\Users\\shagu\\OneDrive\\Desktop\\PromptWars2\\src\\utils\\rateLimit.ts": {"path":"C:\\Users\\shagu\\OneDrive\\Desktop\\PromptWars2\\src\\utils\\rateLimit.ts","statementMap":{"0":{"start":{"line":13,"column":2},"end":{"line":13,"column":null}},"1":{"start":{"line":26,"column":2},"end":{"line":31,"column":null}},"2":{"start":{"line":27,"column":4},"end":{"line":31,"column":null}},"3":{"start":{"line":34,"column":19},"end":{"line":34,"column":null}},"4":{"start":{"line":35,"column":22},"end":{"line":35,"column":null}},"5":{"start":{"line":37,"column":2},"end":{"line":45,"column":null}},"6":{"start":{"line":53,"column":2},"end":{"line":53,"column":null}}},"fnMap":{"0":{"name":"createRateLimitState","decl":{"start":{"line":12,"column":16},"end":{"line":12,"column":55}},"loc":{"start":{"line":12,"column":55},"end":{"line":13,"column":null}},"line":12},"1":{"name":"checkRateLimit","decl":{"start":{"line":21,"column":16},"end":{"line":21,"column":31}},"loc":{"start":{"line":25,"column":2},"end":{"line":45,"column":null}},"line":25},"2":{"name":"resetRateLimit","decl":{"start":{"line":52,"column":16},"end":{"line":52,"column":49}},"loc":{"start":{"line":52,"column":49},"end":{"line":53,"column":null}},"line":52}},"branchMap":{"0":{"loc":{"start":{"line":26,"column":2},"end":{"line":31,"column":null}},"type":"if","locations":[{"start":{"line":26,"column":2},"end":{"line":31,"column":null}},{"start":{},"end":{}}],"line":26},"1":{"loc":{"start":{"line":35,"column":22},"end":{"line":35,"column":null}},"type":"binary-expr","locations":[{"start":{"line":35,"column":22},"end":{"line":35,"column":55}},{"start":{"line":35,"column":55},"end":{"line":35,"column":null}}],"line":35},"2":{"loc":{"start":{"line":40,"column":20},"end":{"line":40,"column":null}},"type":"binary-expr","locations":[{"start":{"line":40,"column":20},"end":{"line":40,"column":42}},{"start":{"line":40,"column":42},"end":{"line":40,"column":null}}],"line":40}},"s":{"0":8,"1":13,"2":1,"3":12,"4":12,"5":13,"6":2},"f":{"0":8,"1":13,"2":2},"b":{"0":[1,12],"1":[12,3],"2":[13,10]},"meta":{"lastBranch":3,"lastFunction":3,"lastStatement":7,"seen":{"f:12:16:12:55":0,"s:13:2:13:Infinity":0,"f:21:16:21:31":1,"b:26:2:31:Infinity:undefined:undefined:undefined:undefined":0,"s:26:2:31:Infinity":1,"s:27:4:31:Infinity":2,"s:34:19:34:Infinity":3,"s:35:22:35:Infinity":4,"b:35:22:35:55:35:55:35:Infinity":1,"s:37:2:45:Infinity":5,"b:40:20:40:42:40:42:40:Infinity":2,"f:52:16:52:49":2,"s:53:2:53:Infinity":6}}}
,"C:\\Users\\shagu\\OneDrive\\Desktop\\PromptWars2\\src\\utils\\sanitize.ts": {"path":"C:\\Users\\shagu\\OneDrive\\Desktop\\PromptWars2\\src\\utils\\sanitize.ts","statementMap":{"0":{"start":{"line":13,"column":2},"end":{"line":19,"column":null}},"1":{"start":{"line":28,"column":2},"end":{"line":33,"column":null}},"2":{"start":{"line":42,"column":2},"end":{"line":42,"column":null}}},"fnMap":{"0":{"name":"sanitizeInput","decl":{"start":{"line":12,"column":16},"end":{"line":12,"column":30}},"loc":{"start":{"line":12,"column":53},"end":{"line":19,"column":null}},"line":12},"1":{"name":"sanitizeForDisplay","decl":{"start":{"line":27,"column":16},"end":{"line":27,"column":35}},"loc":{"start":{"line":27,"column":58},"end":{"line":33,"column":null}},"line":27},"2":{"name":"stripHtml","decl":{"start":{"line":41,"column":16},"end":{"line":41,"column":26}},"loc":{"start":{"line":41,"column":49},"end":{"line":42,"column":null}},"line":41}},"branchMap":{},"s":{"0":5,"1":1,"2":1},"f":{"0":5,"1":1,"2":1},"b":{},"meta":{"lastBranch":0,"lastFunction":3,"lastStatement":3,"seen":{"f:12:16:12:30":0,"s:13:2:19:Infinity":0,"f:27:16:27:35":1,"s:28:2:33:Infinity":1,"f:41:16:41:26":2,"s:42:2:42:Infinity":2}}}
,"C:\\Users\\shagu\\OneDrive\\Desktop\\PromptWars2\\src\\utils\\validate.ts": {"path":"C:\\Users\\shagu\\OneDrive\\Desktop\\PromptWars2\\src\\utils\\validate.ts","statementMap":{"0":{"start":{"line":21,"column":18},"end":{"line":21,"column":32}},"1":{"start":{"line":22,"column":2},"end":{"line":23,"column":null}},"2":{"start":{"line":23,"column":4},"end":{"line":23,"column":null}},"3":{"start":{"line":25,"column":2},"end":{"line":26,"column":null}},"4":{"start":{"line":26,"column":4},"end":{"line":26,"column":null}},"5":{"start":{"line":28,"column":2},"end":{"line":28,"column":null}},"6":{"start":{"line":37,"column":18},"end":{"line":37,"column":32}},"7":{"start":{"line":38,"column":2},"end":{"line":39,"column":null}},"8":{"start":{"line":39,"column":4},"end":{"line":39,"column":null}},"9":{"start":{"line":41,"column":2},"end":{"line":42,"column":null}},"10":{"start":{"line":42,"column":4},"end":{"line":42,"column":null}},"11":{"start":{"line":44,"column":2},"end":{"line":44,"column":null}},"12":{"start":{"line":53,"column":2},"end":{"line":53,"column":null}},"13":{"start":{"line":53,"column":44},"end":{"line":53,"column":63}}},"fnMap":{"0":{"name":"validateAddress","decl":{"start":{"line":20,"column":16},"end":{"line":20,"column":32}},"loc":{"start":{"line":20,"column":67},"end":{"line":28,"column":null}},"line":20},"1":{"name":"validateChatMessage","decl":{"start":{"line":36,"column":16},"end":{"line":36,"column":36}},"loc":{"start":{"line":36,"column":71},"end":{"line":44,"column":null}},"line":36},"2":{"name":"isValidLanguage","decl":{"start":{"line":52,"column":16},"end":{"line":52,"column":32}},"loc":{"start":{"line":52,"column":68},"end":{"line":53,"column":null}},"line":52},"3":{"name":"(anonymous_3)","decl":{"start":{"line":53,"column":29},"end":{"line":53,"column":35}},"loc":{"start":{"line":53,"column":44},"end":{"line":53,"column":63}},"line":53}},"branchMap":{"0":{"loc":{"start":{"line":22,"column":2},"end":{"line":23,"column":null}},"type":"if","locations":[{"start":{"line":22,"column":2},"end":{"line":23,"column":null}},{"start":{},"end":{}}],"line":22},"1":{"loc":{"start":{"line":25,"column":2},"end":{"line":26,"column":null}},"type":"if","locations":[{"start":{"line":25,"column":2},"end":{"line":26,"column":null}},{"start":{},"end":{}}],"line":25},"2":{"loc":{"start":{"line":38,"column":2},"end":{"line":39,"column":null}},"type":"if","locations":[{"start":{"line":38,"column":2},"end":{"line":39,"column":null}},{"start":{},"end":{}}],"line":38},"3":{"loc":{"start":{"line":41,"column":2},"end":{"line":42,"column":null}},"type":"if","locations":[{"start":{"line":41,"column":2},"end":{"line":42,"column":null}},{"start":{},"end":{}}],"line":41}},"s":{"0":6,"1":6,"2":1,"3":5,"4":2,"5":3,"6":8,"7":8,"8":1,"9":7,"10":1,"11":6,"12":2,"13":9},"f":{"0":6,"1":8,"2":2,"3":9},"b":{"0":[1,5],"1":[2,3],"2":[1,7],"3":[1,6]},"meta":{"lastBranch":4,"lastFunction":4,"lastStatement":14,"seen":{"f:20:16:20:32":0,"s:21:18:21:32":0,"b:22:2:23:Infinity:undefined:undefined:undefined:undefined":0,"s:22:2:23:Infinity":1,"s:23:4:23:Infinity":2,"b:25:2:26:Infinity:undefined:undefined:undefined:undefined":1,"s:25:2:26:Infinity":3,"s:26:4:26:Infinity":4,"s:28:2:28:Infinity":5,"f:36:16:36:36":1,"s:37:18:37:32":6,"b:38:2:39:Infinity:undefined:undefined:undefined:undefined":2,"s:38:2:39:Infinity":7,"s:39:4:39:Infinity":8,"b:41:2:42:Infinity:undefined:undefined:undefined:undefined":3,"s:41:2:42:Infinity":9,"s:42:4:42:Infinity":10,"s:44:2:44:Infinity":11,"f:52:16:52:32":2,"s:53:2:53:Infinity":12,"f:53:29:53:35":3,"s:53:44:53:63":13}}}
}
